[0.061s] DEBUG:colcon:Command line arguments: ['/usr/bin/colcon', 'build']
[0.061s] DEBUG:colcon:Parsed command line arguments: Namespace(log_base=None, log_level=None, verb_name='build', build_base='build', install_base='install', merge_install=False, symlink_install=False, test_result_base=None, continue_on_error=False, executor='parallel', parallel_workers=16, event_handlers=None, ignore_user_meta=False, metas=['./colcon.meta'], base_paths=['.'], packages_ignore=None, packages_ignore_regex=None, paths=None, packages_up_to=None, packages_up_to_regex=None, packages_above=None, packages_above_and_dependencies=None, packages_above_depth=None, packages_select_by_dep=None, packages_skip_by_dep=None, packages_skip_up_to=None, packages_select_build_failed=False, packages_skip_build_finished=False, packages_select_test_failures=False, packages_skip_test_passed=False, packages_select=None, packages_skip=None, packages_select_regex=None, packages_skip_regex=None, packages_start=None, packages_end=None, allow_overriding=[], cmake_args=None, cmake_target=None, cmake_target_skip_unavailable=False, cmake_clean_cache=False, cmake_clean_first=False, cmake_force_configure=False, ament_cmake_args=None, catkin_cmake_args=None, catkin_skip_building_tests=False, mixin_files=None, mixin=None, verb_parser=<colcon_mixin.mixin.mixin_argument.MixinArgumentDecorator object at 0x7a0502e88820>, verb_extension=<colcon_core.verb.build.BuildVerb object at 0x7a0502e88370>, main=<bound method BuildVerb.main of <colcon_core.verb.build.BuildVerb object at 0x7a0502e88370>>, mixin_verb=('build',))
[0.196s] Level 1:colcon.colcon_core.package_discovery:discover_packages(colcon_meta) check parameters
[0.196s] Level 1:colcon.colcon_core.package_discovery:discover_packages(recursive) check parameters
[0.196s] Level 1:colcon.colcon_core.package_discovery:discover_packages(ignore) check parameters
[0.196s] Level 1:colcon.colcon_core.package_discovery:discover_packages(path) check parameters
[0.196s] Level 1:colcon.colcon_core.package_discovery:discover_packages(colcon_meta) discover
[0.196s] Level 1:colcon.colcon_core.package_discovery:discover_packages(recursive) discover
[0.196s] INFO:colcon.colcon_core.package_discovery:Crawling recursively for packages in '/home/varun/pallet_detection_ws'
[0.196s] Level 1:colcon.colcon_core.package_identification:_identify(.) by extensions ['ignore', 'ignore_ament_install']
[0.196s] Level 1:colcon.colcon_core.package_identification:_identify(.) by extension 'ignore'
[0.196s] Level 1:colcon.colcon_core.package_identification:_identify(.) by extension 'ignore_ament_install'
[0.196s] Level 1:colcon.colcon_core.package_identification:_identify(.) by extensions ['colcon_pkg']
[0.196s] Level 1:colcon.colcon_core.package_identification:_identify(.) by extension 'colcon_pkg'
[0.196s] Level 1:colcon.colcon_core.package_identification:_identify(.) by extensions ['colcon_meta']
[0.196s] Level 1:colcon.colcon_core.package_identification:_identify(.) by extension 'colcon_meta'
[0.196s] Level 1:colcon.colcon_core.package_identification:_identify(.) by extensions ['ros']
[0.196s] Level 1:colcon.colcon_core.package_identification:_identify(.) by extension 'ros'
[0.205s] Level 1:colcon.colcon_core.package_identification:_identify(.) by extensions ['cmake', 'python']
[0.205s] Level 1:colcon.colcon_core.package_identification:_identify(.) by extension 'cmake'
[0.205s] Level 1:colcon.colcon_core.package_identification:_identify(.) by extension 'python'
[0.205s] Level 1:colcon.colcon_core.package_identification:_identify(.) by extensions ['python_setup_py']
[0.205s] Level 1:colcon.colcon_core.package_identification:_identify(.) by extension 'python_setup_py'
[0.205s] Level 1:colcon.colcon_core.package_identification:_identify(build) by extensions ['ignore', 'ignore_ament_install']
[0.205s] Level 1:colcon.colcon_core.package_identification:_identify(build) by extension 'ignore'
[0.205s] Level 1:colcon.colcon_core.package_identification:_identify(build) ignored
[0.205s] Level 1:colcon.colcon_core.package_identification:_identify(install) by extensions ['ignore', 'ignore_ament_install']
[0.205s] Level 1:colcon.colcon_core.package_identification:_identify(install) by extension 'ignore'
[0.205s] Level 1:colcon.colcon_core.package_identification:_identify(install) ignored
[0.205s] Level 1:colcon.colcon_core.package_identification:_identify(log) by extensions ['ignore', 'ignore_ament_install']
[0.205s] Level 1:colcon.colcon_core.package_identification:_identify(log) by extension 'ignore'
[0.205s] Level 1:colcon.colcon_core.package_identification:_identify(log) ignored
[0.205s] Level 1:colcon.colcon_core.package_identification:_identify(src) by extensions ['ignore', 'ignore_ament_install']
[0.205s] Level 1:colcon.colcon_core.package_identification:_identify(src) by extension 'ignore'
[0.206s] Level 1:colcon.colcon_core.package_identification:_identify(src) by extension 'ignore_ament_install'
[0.206s] Level 1:colcon.colcon_core.package_identification:_identify(src) by extensions ['colcon_pkg']
[0.206s] Level 1:colcon.colcon_core.package_identification:_identify(src) by extension 'colcon_pkg'
[0.206s] Level 1:colcon.colcon_core.package_identification:_identify(src) by extensions ['colcon_meta']
[0.206s] Level 1:colcon.colcon_core.package_identification:_identify(src) by extension 'colcon_meta'
[0.206s] Level 1:colcon.colcon_core.package_identification:_identify(src) by extensions ['ros']
[0.206s] Level 1:colcon.colcon_core.package_identification:_identify(src) by extension 'ros'
[0.206s] Level 1:colcon.colcon_core.package_identification:_identify(src) by extensions ['cmake', 'python']
[0.206s] Level 1:colcon.colcon_core.package_identification:_identify(src) by extension 'cmake'
[0.206s] Level 1:colcon.colcon_core.package_identification:_identify(src) by extension 'python'
[0.206s] Level 1:colcon.colcon_core.package_identification:_identify(src) by extensions ['python_setup_py']
[0.206s] Level 1:colcon.colcon_core.package_identification:_identify(src) by extension 'python_setup_py'
[0.206s] Level 1:colcon.colcon_core.package_identification:_identify(src/pallet_detection) by extensions ['ignore', 'ignore_ament_install']
[0.206s] Level 1:colcon.colcon_core.package_identification:_identify(src/pallet_detection) by extension 'ignore'
[0.206s] Level 1:colcon.colcon_core.package_identification:_identify(src/pallet_detection) by extension 'ignore_ament_install'
[0.206s] Level 1:colcon.colcon_core.package_identification:_identify(src/pallet_detection) by extensions ['colcon_pkg']
[0.206s] Level 1:colcon.colcon_core.package_identification:_identify(src/pallet_detection) by extension 'colcon_pkg'
[0.206s] Level 1:colcon.colcon_core.package_identification:_identify(src/pallet_detection) by extensions ['colcon_meta']
[0.206s] Level 1:colcon.colcon_core.package_identification:_identify(src/pallet_detection) by extension 'colcon_meta'
[0.206s] Level 1:colcon.colcon_core.package_identification:_identify(src/pallet_detection) by extensions ['ros']
[0.206s] Level 1:colcon.colcon_core.package_identification:_identify(src/pallet_detection) by extension 'ros'
[0.207s] DEBUG:colcon.colcon_core.package_identification:Package 'src/pallet_detection' with type 'ros.ament_cmake' and name 'pallet_detection'
[0.207s] Level 1:colcon.colcon_core.package_discovery:discover_packages(recursive) using defaults
[0.207s] Level 1:colcon.colcon_core.package_discovery:discover_packages(ignore) discover
[0.207s] Level 1:colcon.colcon_core.package_discovery:discover_packages(ignore) using defaults
[0.207s] Level 1:colcon.colcon_core.package_discovery:discover_packages(path) discover
[0.207s] Level 1:colcon.colcon_core.package_discovery:discover_packages(path) using defaults
[0.220s] Level 1:colcon.colcon_core.package_discovery:discover_packages(prefix_path) check parameters
[0.220s] Level 1:colcon.colcon_core.package_discovery:discover_packages(prefix_path) discover
[0.235s] DEBUG:colcon.colcon_installed_package_information.package_discovery:Found 2 installed packages in /home/varun/peer_ws/install
[0.235s] DEBUG:colcon.colcon_installed_package_information.package_discovery:Found 3 installed packages in /home/varun/turtlebot3_ws/install
[0.235s] DEBUG:colcon.colcon_installed_package_information.package_discovery:Found 4 installed packages in /home/varun/assignment_ws/install
[0.236s] DEBUG:colcon.colcon_installed_package_information.package_discovery:Found 2 installed packages in /home/varun/unbox_ws/install
[0.236s] DEBUG:colcon.colcon_installed_package_information.package_discovery:Found 1 installed packages in /home/varun/ros2_ws/install
[0.236s] DEBUG:colcon.colcon_installed_package_information.package_discovery:Found 5 installed packages in /home/varun/humble_ws/install
[0.237s] DEBUG:colcon.colcon_installed_package_information.package_discovery:Found 0 installed packages in /home/varun/mybot_ws/install
[0.237s] DEBUG:colcon.colcon_installed_package_information.package_discovery:Found 1 installed packages in /home/varun/project_ws/install
[0.237s] DEBUG:colcon.colcon_installed_package_information.package_discovery:Found 2 installed packages in /home/varun/dev_ws/install
[0.237s] DEBUG:colcon.colcon_installed_package_information.package_discovery:Found 4 installed packages in /home/varun/turtlebot4_ws/install
[0.238s] DEBUG:colcon.colcon_installed_package_information.package_discovery:Found 468 installed packages in /opt/ros/humble
[0.240s] Level 1:colcon.colcon_core.package_discovery:discover_packages(prefix_path) using defaults
[0.300s] Level 5:colcon.colcon_core.verb:set package 'pallet_detection' build argument 'cmake_args' from command line to 'None'
[0.300s] Level 5:colcon.colcon_core.verb:set package 'pallet_detection' build argument 'cmake_target' from command line to 'None'
[0.300s] Level 5:colcon.colcon_core.verb:set package 'pallet_detection' build argument 'cmake_target_skip_unavailable' from command line to 'False'
[0.300s] Level 5:colcon.colcon_core.verb:set package 'pallet_detection' build argument 'cmake_clean_cache' from command line to 'False'
[0.300s] Level 5:colcon.colcon_core.verb:set package 'pallet_detection' build argument 'cmake_clean_first' from command line to 'False'
[0.300s] Level 5:colcon.colcon_core.verb:set package 'pallet_detection' build argument 'cmake_force_configure' from command line to 'False'
[0.300s] Level 5:colcon.colcon_core.verb:set package 'pallet_detection' build argument 'ament_cmake_args' from command line to 'None'
[0.300s] Level 5:colcon.colcon_core.verb:set package 'pallet_detection' build argument 'catkin_cmake_args' from command line to 'None'
[0.300s] Level 5:colcon.colcon_core.verb:set package 'pallet_detection' build argument 'catkin_skip_building_tests' from command line to 'False'
[0.300s] DEBUG:colcon.colcon_core.verb:Building package 'pallet_detection' with the following arguments: {'ament_cmake_args': None, 'build_base': '/home/varun/pallet_detection_ws/build/pallet_detection', 'catkin_cmake_args': None, 'catkin_skip_building_tests': False, 'cmake_args': None, 'cmake_clean_cache': False, 'cmake_clean_first': False, 'cmake_force_configure': False, 'cmake_target': None, 'cmake_target_skip_unavailable': False, 'install_base': '/home/varun/pallet_detection_ws/install/pallet_detection', 'merge_install': False, 'path': '/home/varun/pallet_detection_ws/src/pallet_detection', 'symlink_install': False, 'test_result_base': None}
[0.300s] INFO:colcon.colcon_core.executor:Executing jobs using 'parallel' executor
[0.301s] DEBUG:colcon.colcon_parallel_executor.executor.parallel:run_until_complete
[0.301s] INFO:colcon.colcon_ros.task.ament_cmake.build:Building ROS package in '/home/varun/pallet_detection_ws/src/pallet_detection' with build type 'ament_cmake'
[0.301s] INFO:colcon.colcon_cmake.task.cmake.build:Building CMake package in '/home/varun/pallet_detection_ws/src/pallet_detection'
[0.305s] INFO:colcon.colcon_core.plugin_system:Skipping extension 'colcon_core.shell.bat': Not used on non-Windows systems
[0.306s] INFO:colcon.colcon_core.shell:Skip shell extension 'powershell' for command environment: Not usable outside of PowerShell
[0.306s] DEBUG:colcon.colcon_core.shell:Skip shell extension 'dsv' for command environment
[0.316s] DEBUG:colcon.colcon_core.event_handler.log_command:Invoking command in '/home/varun/pallet_detection_ws/build/pallet_detection': CMAKE_PREFIX_PATH=${CMAKE_PREFIX_PATH}:/home/varun/peer_ws/install/my_robot_planner:/home/varun/humble_ws/install/turtlesim_catch_them_all:/home/varun/humble_ws/install/my_pkg:/home/varun/unbox_ws/install/my_py_pkg:/home/varun/ros2_ws/install/my_py_pkg:/home/varun/dev_ws/install/my_pkg:/opt/ros/humble /usr/bin/cmake /home/varun/pallet_detection_ws/src/pallet_detection -DCMAKE_INSTALL_PREFIX=/home/varun/pallet_detection_ws/install/pallet_detection
[1.615s] DEBUG:colcon.colcon_core.event_handler.log_command:Invoked command in '/home/varun/pallet_detection_ws/build/pallet_detection' returned '0': CMAKE_PREFIX_PATH=${CMAKE_PREFIX_PATH}:/home/varun/peer_ws/install/my_robot_planner:/home/varun/humble_ws/install/turtlesim_catch_them_all:/home/varun/humble_ws/install/my_pkg:/home/varun/unbox_ws/install/my_py_pkg:/home/varun/ros2_ws/install/my_py_pkg:/home/varun/dev_ws/install/my_pkg:/opt/ros/humble /usr/bin/cmake /home/varun/pallet_detection_ws/src/pallet_detection -DCMAKE_INSTALL_PREFIX=/home/varun/pallet_detection_ws/install/pallet_detection
[1.616s] DEBUG:colcon.colcon_core.event_handler.log_command:Invoking command in '/home/varun/pallet_detection_ws/build/pallet_detection': CMAKE_PREFIX_PATH=${CMAKE_PREFIX_PATH}:/home/varun/peer_ws/install/my_robot_planner:/home/varun/humble_ws/install/turtlesim_catch_them_all:/home/varun/humble_ws/install/my_pkg:/home/varun/unbox_ws/install/my_py_pkg:/home/varun/ros2_ws/install/my_py_pkg:/home/varun/dev_ws/install/my_pkg:/opt/ros/humble /usr/bin/cmake --build /home/varun/pallet_detection_ws/build/pallet_detection -- -j16 -l16
[1.645s] DEBUG:colcon.colcon_core.event_handler.log_command:Invoked command in '/home/varun/pallet_detection_ws/build/pallet_detection' returned '0': CMAKE_PREFIX_PATH=${CMAKE_PREFIX_PATH}:/home/varun/peer_ws/install/my_robot_planner:/home/varun/humble_ws/install/turtlesim_catch_them_all:/home/varun/humble_ws/install/my_pkg:/home/varun/unbox_ws/install/my_py_pkg:/home/varun/ros2_ws/install/my_py_pkg:/home/varun/dev_ws/install/my_pkg:/opt/ros/humble /usr/bin/cmake --build /home/varun/pallet_detection_ws/build/pallet_detection -- -j16 -l16
[1.654s] DEBUG:colcon.colcon_core.event_handler.log_command:Invoking command in '/home/varun/pallet_detection_ws/build/pallet_detection': CMAKE_PREFIX_PATH=${CMAKE_PREFIX_PATH}:/home/varun/peer_ws/install/my_robot_planner:/home/varun/humble_ws/install/turtlesim_catch_them_all:/home/varun/humble_ws/install/my_pkg:/home/varun/unbox_ws/install/my_py_pkg:/home/varun/ros2_ws/install/my_py_pkg:/home/varun/dev_ws/install/my_pkg:/opt/ros/humble /usr/bin/cmake --install /home/varun/pallet_detection_ws/build/pallet_detection
[1.663s] Level 1:colcon.colcon_core.environment:create_environment_scripts_only(pallet_detection)
[1.663s] DEBUG:colcon.colcon_core.event_handler.log_command:Invoked command in '/home/varun/pallet_detection_ws/build/pallet_detection' returned '0': CMAKE_PREFIX_PATH=${CMAKE_PREFIX_PATH}:/home/varun/peer_ws/install/my_robot_planner:/home/varun/humble_ws/install/turtlesim_catch_them_all:/home/varun/humble_ws/install/my_pkg:/home/varun/unbox_ws/install/my_py_pkg:/home/varun/ros2_ws/install/my_py_pkg:/home/varun/dev_ws/install/my_pkg:/opt/ros/humble /usr/bin/cmake --install /home/varun/pallet_detection_ws/build/pallet_detection
[1.666s] Level 1:colcon.colcon_core.environment:checking '/home/varun/pallet_detection_ws/install/pallet_detection' for CMake module files
[1.666s] Level 1:colcon.colcon_core.environment:checking '/home/varun/pallet_detection_ws/install/pallet_detection' for CMake config files
[1.666s] Level 1:colcon.colcon_core.shell:create_environment_hook('pallet_detection', 'cmake_prefix_path')
[1.666s] INFO:colcon.colcon_core.shell:Creating environment hook '/home/varun/pallet_detection_ws/install/pallet_detection/share/pallet_detection/hook/cmake_prefix_path.ps1'
[1.667s] INFO:colcon.colcon_core.shell:Creating environment descriptor '/home/varun/pallet_detection_ws/install/pallet_detection/share/pallet_detection/hook/cmake_prefix_path.dsv'
[1.668s] INFO:colcon.colcon_core.shell:Creating environment hook '/home/varun/pallet_detection_ws/install/pallet_detection/share/pallet_detection/hook/cmake_prefix_path.sh'
[1.668s] Level 1:colcon.colcon_core.environment:checking '/home/varun/pallet_detection_ws/install/pallet_detection/bin'
[1.668s] Level 1:colcon.colcon_core.environment:checking '/home/varun/pallet_detection_ws/install/pallet_detection/lib/pkgconfig/pallet_detection.pc'
[1.669s] Level 1:colcon.colcon_core.environment:checking '/home/varun/pallet_detection_ws/install/pallet_detection/lib/python3.10/site-packages'
[1.669s] Level 1:colcon.colcon_core.environment:checking '/home/varun/pallet_detection_ws/install/pallet_detection/bin'
[1.669s] INFO:colcon.colcon_core.shell:Creating package script '/home/varun/pallet_detection_ws/install/pallet_detection/share/pallet_detection/package.ps1'
[1.669s] INFO:colcon.colcon_core.shell:Creating package descriptor '/home/varun/pallet_detection_ws/install/pallet_detection/share/pallet_detection/package.dsv'
[1.670s] INFO:colcon.colcon_core.shell:Creating package script '/home/varun/pallet_detection_ws/install/pallet_detection/share/pallet_detection/package.sh'
[1.670s] INFO:colcon.colcon_core.shell:Creating package script '/home/varun/pallet_detection_ws/install/pallet_detection/share/pallet_detection/package.bash'
[1.671s] INFO:colcon.colcon_core.shell:Creating package script '/home/varun/pallet_detection_ws/install/pallet_detection/share/pallet_detection/package.zsh'
[1.672s] Level 1:colcon.colcon_core.environment:create_file_with_runtime_dependencies(/home/varun/pallet_detection_ws/install/pallet_detection/share/colcon-core/packages/pallet_detection)
[1.672s] Level 1:colcon.colcon_core.environment:create_environment_scripts_only(pallet_detection)
[1.672s] Level 1:colcon.colcon_core.environment:checking '/home/varun/pallet_detection_ws/install/pallet_detection' for CMake module files
[1.672s] Level 1:colcon.colcon_core.environment:checking '/home/varun/pallet_detection_ws/install/pallet_detection' for CMake config files
[1.672s] Level 1:colcon.colcon_core.shell:create_environment_hook('pallet_detection', 'cmake_prefix_path')
[1.672s] INFO:colcon.colcon_core.shell:Creating environment hook '/home/varun/pallet_detection_ws/install/pallet_detection/share/pallet_detection/hook/cmake_prefix_path.ps1'
[1.673s] INFO:colcon.colcon_core.shell:Creating environment descriptor '/home/varun/pallet_detection_ws/install/pallet_detection/share/pallet_detection/hook/cmake_prefix_path.dsv'
[1.673s] INFO:colcon.colcon_core.shell:Creating environment hook '/home/varun/pallet_detection_ws/install/pallet_detection/share/pallet_detection/hook/cmake_prefix_path.sh'
[1.673s] Level 1:colcon.colcon_core.environment:checking '/home/varun/pallet_detection_ws/install/pallet_detection/bin'
[1.673s] Level 1:colcon.colcon_core.environment:checking '/home/varun/pallet_detection_ws/install/pallet_detection/lib/pkgconfig/pallet_detection.pc'
[1.673s] Level 1:colcon.colcon_core.environment:checking '/home/varun/pallet_detection_ws/install/pallet_detection/lib/python3.10/site-packages'
[1.673s] Level 1:colcon.colcon_core.environment:checking '/home/varun/pallet_detection_ws/install/pallet_detection/bin'
[1.673s] INFO:colcon.colcon_core.shell:Creating package script '/home/varun/pallet_detection_ws/install/pallet_detection/share/pallet_detection/package.ps1'
[1.674s] INFO:colcon.colcon_core.shell:Creating package descriptor '/home/varun/pallet_detection_ws/install/pallet_detection/share/pallet_detection/package.dsv'
[1.674s] INFO:colcon.colcon_core.shell:Creating package script '/home/varun/pallet_detection_ws/install/pallet_detection/share/pallet_detection/package.sh'
[1.674s] INFO:colcon.colcon_core.shell:Creating package script '/home/varun/pallet_detection_ws/install/pallet_detection/share/pallet_detection/package.bash'
[1.674s] INFO:colcon.colcon_core.shell:Creating package script '/home/varun/pallet_detection_ws/install/pallet_detection/share/pallet_detection/package.zsh'
[1.675s] Level 1:colcon.colcon_core.environment:create_file_with_runtime_dependencies(/home/varun/pallet_detection_ws/install/pallet_detection/share/colcon-core/packages/pallet_detection)
[1.675s] DEBUG:colcon.colcon_parallel_executor.executor.parallel:closing loop
[1.675s] DEBUG:colcon.colcon_parallel_executor.executor.parallel:loop closed
[1.675s] DEBUG:colcon.colcon_parallel_executor.executor.parallel:run_until_complete finished with '0'
[1.675s] DEBUG:colcon.colcon_core.event_reactor:joining thread
[1.679s] INFO:colcon.colcon_core.plugin_system:Skipping extension 'colcon_notification.desktop_notification.terminal_notifier': Not used on non-Darwin systems
[1.679s] INFO:colcon.colcon_core.plugin_system:Skipping extension 'colcon_notification.desktop_notification.win32': Not used on non-Windows systems
[1.679s] INFO:colcon.colcon_notification.desktop_notification:Sending desktop notification using 'notify2'
[1.688s] DEBUG:colcon.colcon_core.event_reactor:joined thread
[1.688s] INFO:colcon.colcon_core.shell:Creating prefix script '/home/varun/pallet_detection_ws/install/local_setup.ps1'
[1.689s] INFO:colcon.colcon_core.shell:Creating prefix util module '/home/varun/pallet_detection_ws/install/_local_setup_util_ps1.py'
[1.689s] INFO:colcon.colcon_core.shell:Creating prefix chain script '/home/varun/pallet_detection_ws/install/setup.ps1'
[1.691s] INFO:colcon.colcon_core.shell:Creating prefix script '/home/varun/pallet_detection_ws/install/local_setup.sh'
[1.691s] INFO:colcon.colcon_core.shell:Creating prefix util module '/home/varun/pallet_detection_ws/install/_local_setup_util_sh.py'
[1.691s] INFO:colcon.colcon_core.shell:Creating prefix chain script '/home/varun/pallet_detection_ws/install/setup.sh'
[1.692s] INFO:colcon.colcon_core.shell:Creating prefix script '/home/varun/pallet_detection_ws/install/local_setup.bash'
[1.693s] INFO:colcon.colcon_core.shell:Creating prefix chain script '/home/varun/pallet_detection_ws/install/setup.bash'
[1.694s] INFO:colcon.colcon_core.shell:Creating prefix script '/home/varun/pallet_detection_ws/install/local_setup.zsh'
[1.694s] INFO:colcon.colcon_core.shell:Creating prefix chain script '/home/varun/pallet_detection_ws/install/setup.zsh'
