[0.061s] DEBUG:colcon:Command line arguments: ['/usr/bin/colcon', 'build', '--packages-select', 'pallet_detection', '--symlink-install']
[0.061s] DEBUG:colcon:Parsed command line arguments: Namespace(log_base=None, log_level=None, verb_name='build', build_base='build', install_base='install', merge_install=False, symlink_install=True, test_result_base=None, continue_on_error=False, executor='parallel', parallel_workers=16, event_handlers=None, ignore_user_meta=False, metas=['./colcon.meta'], base_paths=['.'], packages_ignore=None, packages_ignore_regex=None, paths=None, packages_up_to=None, packages_up_to_regex=None, packages_above=None, packages_above_and_dependencies=None, packages_above_depth=None, packages_select_by_dep=None, packages_skip_by_dep=None, packages_skip_up_to=None, packages_select_build_failed=False, packages_skip_build_finished=False, packages_select_test_failures=False, packages_skip_test_passed=False, packages_select=['pallet_detection'], packages_skip=None, packages_select_regex=None, packages_skip_regex=None, packages_start=None, packages_end=None, allow_overriding=[], cmake_args=None, cmake_target=None, cmake_target_skip_unavailable=False, cmake_clean_cache=False, cmake_clean_first=False, cmake_force_configure=False, ament_cmake_args=None, catkin_cmake_args=None, catkin_skip_building_tests=False, mixin_files=None, mixin=None, verb_parser=<colcon_mixin.mixin.mixin_argument.MixinArgumentDecorator object at 0x735407300880>, verb_extension=<colcon_core.verb.build.BuildVerb object at 0x7354073003d0>, main=<bound method BuildVerb.main of <colcon_core.verb.build.BuildVerb object at 0x7354073003d0>>, mixin_verb=('build',))
[0.196s] Level 1:colcon.colcon_core.package_discovery:discover_packages(colcon_meta) check parameters
[0.196s] Level 1:colcon.colcon_core.package_discovery:discover_packages(recursive) check parameters
[0.196s] Level 1:colcon.colcon_core.package_discovery:discover_packages(ignore) check parameters
[0.196s] Level 1:colcon.colcon_core.package_discovery:discover_packages(path) check parameters
[0.196s] Level 1:colcon.colcon_core.package_discovery:discover_packages(colcon_meta) discover
[0.196s] Level 1:colcon.colcon_core.package_discovery:discover_packages(recursive) discover
[0.196s] INFO:colcon.colcon_core.package_discovery:Crawling recursively for packages in '/home/varun/pallet_detection_ws'
[0.196s] Level 1:colcon.colcon_core.package_identification:_identify(.) by extensions ['ignore', 'ignore_ament_install']
[0.196s] Level 1:colcon.colcon_core.package_identification:_identify(.) by extension 'ignore'
[0.196s] Level 1:colcon.colcon_core.package_identification:_identify(.) by extension 'ignore_ament_install'
[0.196s] Level 1:colcon.colcon_core.package_identification:_identify(.) by extensions ['colcon_pkg']
[0.196s] Level 1:colcon.colcon_core.package_identification:_identify(.) by extension 'colcon_pkg'
[0.196s] Level 1:colcon.colcon_core.package_identification:_identify(.) by extensions ['colcon_meta']
[0.196s] Level 1:colcon.colcon_core.package_identification:_identify(.) by extension 'colcon_meta'
[0.196s] Level 1:colcon.colcon_core.package_identification:_identify(.) by extensions ['ros']
[0.196s] Level 1:colcon.colcon_core.package_identification:_identify(.) by extension 'ros'
[0.205s] Level 1:colcon.colcon_core.package_identification:_identify(.) by extensions ['cmake', 'python']
[0.205s] Level 1:colcon.colcon_core.package_identification:_identify(.) by extension 'cmake'
[0.205s] Level 1:colcon.colcon_core.package_identification:_identify(.) by extension 'python'
[0.205s] Level 1:colcon.colcon_core.package_identification:_identify(.) by extensions ['python_setup_py']
[0.205s] Level 1:colcon.colcon_core.package_identification:_identify(.) by extension 'python_setup_py'
[0.205s] Level 1:colcon.colcon_core.package_identification:_identify(build) by extensions ['ignore', 'ignore_ament_install']
[0.205s] Level 1:colcon.colcon_core.package_identification:_identify(build) by extension 'ignore'
[0.205s] Level 1:colcon.colcon_core.package_identification:_identify(build) ignored
[0.205s] Level 1:colcon.colcon_core.package_identification:_identify(dataset) by extensions ['ignore', 'ignore_ament_install']
[0.205s] Level 1:colcon.colcon_core.package_identification:_identify(dataset) by extension 'ignore'
[0.205s] Level 1:colcon.colcon_core.package_identification:_identify(dataset) by extension 'ignore_ament_install'
[0.205s] Level 1:colcon.colcon_core.package_identification:_identify(dataset) by extensions ['colcon_pkg']
[0.205s] Level 1:colcon.colcon_core.package_identification:_identify(dataset) by extension 'colcon_pkg'
[0.205s] Level 1:colcon.colcon_core.package_identification:_identify(dataset) by extensions ['colcon_meta']
[0.205s] Level 1:colcon.colcon_core.package_identification:_identify(dataset) by extension 'colcon_meta'
[0.205s] Level 1:colcon.colcon_core.package_identification:_identify(dataset) by extensions ['ros']
[0.205s] Level 1:colcon.colcon_core.package_identification:_identify(dataset) by extension 'ros'
[0.205s] Level 1:colcon.colcon_core.package_identification:_identify(dataset) by extensions ['cmake', 'python']
[0.205s] Level 1:colcon.colcon_core.package_identification:_identify(dataset) by extension 'cmake'
[0.205s] Level 1:colcon.colcon_core.package_identification:_identify(dataset) by extension 'python'
[0.205s] Level 1:colcon.colcon_core.package_identification:_identify(dataset) by extensions ['python_setup_py']
[0.205s] Level 1:colcon.colcon_core.package_identification:_identify(dataset) by extension 'python_setup_py'
[0.206s] Level 1:colcon.colcon_core.package_identification:_identify(dataset/test) by extensions ['ignore', 'ignore_ament_install']
[0.206s] Level 1:colcon.colcon_core.package_identification:_identify(dataset/test) by extension 'ignore'
[0.206s] Level 1:colcon.colcon_core.package_identification:_identify(dataset/test) by extension 'ignore_ament_install'
[0.206s] Level 1:colcon.colcon_core.package_identification:_identify(dataset/test) by extensions ['colcon_pkg']
[0.206s] Level 1:colcon.colcon_core.package_identification:_identify(dataset/test) by extension 'colcon_pkg'
[0.206s] Level 1:colcon.colcon_core.package_identification:_identify(dataset/test) by extensions ['colcon_meta']
[0.206s] Level 1:colcon.colcon_core.package_identification:_identify(dataset/test) by extension 'colcon_meta'
[0.206s] Level 1:colcon.colcon_core.package_identification:_identify(dataset/test) by extensions ['ros']
[0.206s] Level 1:colcon.colcon_core.package_identification:_identify(dataset/test) by extension 'ros'
[0.206s] Level 1:colcon.colcon_core.package_identification:_identify(dataset/test) by extensions ['cmake', 'python']
[0.206s] Level 1:colcon.colcon_core.package_identification:_identify(dataset/test) by extension 'cmake'
[0.206s] Level 1:colcon.colcon_core.package_identification:_identify(dataset/test) by extension 'python'
[0.206s] Level 1:colcon.colcon_core.package_identification:_identify(dataset/test) by extensions ['python_setup_py']
[0.206s] Level 1:colcon.colcon_core.package_identification:_identify(dataset/test) by extension 'python_setup_py'
[0.206s] Level 1:colcon.colcon_core.package_identification:_identify(dataset/test/images) by extensions ['ignore', 'ignore_ament_install']
[0.206s] Level 1:colcon.colcon_core.package_identification:_identify(dataset/test/images) by extension 'ignore'
[0.206s] Level 1:colcon.colcon_core.package_identification:_identify(dataset/test/images) by extension 'ignore_ament_install'
[0.206s] Level 1:colcon.colcon_core.package_identification:_identify(dataset/test/images) by extensions ['colcon_pkg']
[0.206s] Level 1:colcon.colcon_core.package_identification:_identify(dataset/test/images) by extension 'colcon_pkg'
[0.206s] Level 1:colcon.colcon_core.package_identification:_identify(dataset/test/images) by extensions ['colcon_meta']
[0.206s] Level 1:colcon.colcon_core.package_identification:_identify(dataset/test/images) by extension 'colcon_meta'
[0.206s] Level 1:colcon.colcon_core.package_identification:_identify(dataset/test/images) by extensions ['ros']
[0.206s] Level 1:colcon.colcon_core.package_identification:_identify(dataset/test/images) by extension 'ros'
[0.206s] Level 1:colcon.colcon_core.package_identification:_identify(dataset/test/images) by extensions ['cmake', 'python']
[0.206s] Level 1:colcon.colcon_core.package_identification:_identify(dataset/test/images) by extension 'cmake'
[0.206s] Level 1:colcon.colcon_core.package_identification:_identify(dataset/test/images) by extension 'python'
[0.206s] Level 1:colcon.colcon_core.package_identification:_identify(dataset/test/images) by extensions ['python_setup_py']
[0.206s] Level 1:colcon.colcon_core.package_identification:_identify(dataset/test/images) by extension 'python_setup_py'
[0.206s] Level 1:colcon.colcon_core.package_identification:_identify(dataset/test/labels) by extensions ['ignore', 'ignore_ament_install']
[0.206s] Level 1:colcon.colcon_core.package_identification:_identify(dataset/test/labels) by extension 'ignore'
[0.206s] Level 1:colcon.colcon_core.package_identification:_identify(dataset/test/labels) by extension 'ignore_ament_install'
[0.206s] Level 1:colcon.colcon_core.package_identification:_identify(dataset/test/labels) by extensions ['colcon_pkg']
[0.206s] Level 1:colcon.colcon_core.package_identification:_identify(dataset/test/labels) by extension 'colcon_pkg'
[0.206s] Level 1:colcon.colcon_core.package_identification:_identify(dataset/test/labels) by extensions ['colcon_meta']
[0.206s] Level 1:colcon.colcon_core.package_identification:_identify(dataset/test/labels) by extension 'colcon_meta'
[0.206s] Level 1:colcon.colcon_core.package_identification:_identify(dataset/test/labels) by extensions ['ros']
[0.206s] Level 1:colcon.colcon_core.package_identification:_identify(dataset/test/labels) by extension 'ros'
[0.206s] Level 1:colcon.colcon_core.package_identification:_identify(dataset/test/labels) by extensions ['cmake', 'python']
[0.206s] Level 1:colcon.colcon_core.package_identification:_identify(dataset/test/labels) by extension 'cmake'
[0.206s] Level 1:colcon.colcon_core.package_identification:_identify(dataset/test/labels) by extension 'python'
[0.206s] Level 1:colcon.colcon_core.package_identification:_identify(dataset/test/labels) by extensions ['python_setup_py']
[0.206s] Level 1:colcon.colcon_core.package_identification:_identify(dataset/test/labels) by extension 'python_setup_py'
[0.206s] Level 1:colcon.colcon_core.package_identification:_identify(dataset/train) by extensions ['ignore', 'ignore_ament_install']
[0.207s] Level 1:colcon.colcon_core.package_identification:_identify(dataset/train) by extension 'ignore'
[0.207s] Level 1:colcon.colcon_core.package_identification:_identify(dataset/train) by extension 'ignore_ament_install'
[0.207s] Level 1:colcon.colcon_core.package_identification:_identify(dataset/train) by extensions ['colcon_pkg']
[0.207s] Level 1:colcon.colcon_core.package_identification:_identify(dataset/train) by extension 'colcon_pkg'
[0.207s] Level 1:colcon.colcon_core.package_identification:_identify(dataset/train) by extensions ['colcon_meta']
[0.207s] Level 1:colcon.colcon_core.package_identification:_identify(dataset/train) by extension 'colcon_meta'
[0.207s] Level 1:colcon.colcon_core.package_identification:_identify(dataset/train) by extensions ['ros']
[0.207s] Level 1:colcon.colcon_core.package_identification:_identify(dataset/train) by extension 'ros'
[0.207s] Level 1:colcon.colcon_core.package_identification:_identify(dataset/train) by extensions ['cmake', 'python']
[0.207s] Level 1:colcon.colcon_core.package_identification:_identify(dataset/train) by extension 'cmake'
[0.207s] Level 1:colcon.colcon_core.package_identification:_identify(dataset/train) by extension 'python'
[0.207s] Level 1:colcon.colcon_core.package_identification:_identify(dataset/train) by extensions ['python_setup_py']
[0.207s] Level 1:colcon.colcon_core.package_identification:_identify(dataset/train) by extension 'python_setup_py'
[0.207s] Level 1:colcon.colcon_core.package_identification:_identify(dataset/train/images) by extensions ['ignore', 'ignore_ament_install']
[0.207s] Level 1:colcon.colcon_core.package_identification:_identify(dataset/train/images) by extension 'ignore'
[0.207s] Level 1:colcon.colcon_core.package_identification:_identify(dataset/train/images) by extension 'ignore_ament_install'
[0.207s] Level 1:colcon.colcon_core.package_identification:_identify(dataset/train/images) by extensions ['colcon_pkg']
[0.207s] Level 1:colcon.colcon_core.package_identification:_identify(dataset/train/images) by extension 'colcon_pkg'
[0.207s] Level 1:colcon.colcon_core.package_identification:_identify(dataset/train/images) by extensions ['colcon_meta']
[0.207s] Level 1:colcon.colcon_core.package_identification:_identify(dataset/train/images) by extension 'colcon_meta'
[0.207s] Level 1:colcon.colcon_core.package_identification:_identify(dataset/train/images) by extensions ['ros']
[0.207s] Level 1:colcon.colcon_core.package_identification:_identify(dataset/train/images) by extension 'ros'
[0.207s] Level 1:colcon.colcon_core.package_identification:_identify(dataset/train/images) by extensions ['cmake', 'python']
[0.207s] Level 1:colcon.colcon_core.package_identification:_identify(dataset/train/images) by extension 'cmake'
[0.207s] Level 1:colcon.colcon_core.package_identification:_identify(dataset/train/images) by extension 'python'
[0.207s] Level 1:colcon.colcon_core.package_identification:_identify(dataset/train/images) by extensions ['python_setup_py']
[0.207s] Level 1:colcon.colcon_core.package_identification:_identify(dataset/train/images) by extension 'python_setup_py'
[0.207s] Level 1:colcon.colcon_core.package_identification:_identify(dataset/train/labels) by extensions ['ignore', 'ignore_ament_install']
[0.207s] Level 1:colcon.colcon_core.package_identification:_identify(dataset/train/labels) by extension 'ignore'
[0.207s] Level 1:colcon.colcon_core.package_identification:_identify(dataset/train/labels) by extension 'ignore_ament_install'
[0.207s] Level 1:colcon.colcon_core.package_identification:_identify(dataset/train/labels) by extensions ['colcon_pkg']
[0.207s] Level 1:colcon.colcon_core.package_identification:_identify(dataset/train/labels) by extension 'colcon_pkg'
[0.207s] Level 1:colcon.colcon_core.package_identification:_identify(dataset/train/labels) by extensions ['colcon_meta']
[0.207s] Level 1:colcon.colcon_core.package_identification:_identify(dataset/train/labels) by extension 'colcon_meta'
[0.207s] Level 1:colcon.colcon_core.package_identification:_identify(dataset/train/labels) by extensions ['ros']
[0.207s] Level 1:colcon.colcon_core.package_identification:_identify(dataset/train/labels) by extension 'ros'
[0.207s] Level 1:colcon.colcon_core.package_identification:_identify(dataset/train/labels) by extensions ['cmake', 'python']
[0.207s] Level 1:colcon.colcon_core.package_identification:_identify(dataset/train/labels) by extension 'cmake'
[0.207s] Level 1:colcon.colcon_core.package_identification:_identify(dataset/train/labels) by extension 'python'
[0.207s] Level 1:colcon.colcon_core.package_identification:_identify(dataset/train/labels) by extensions ['python_setup_py']
[0.207s] Level 1:colcon.colcon_core.package_identification:_identify(dataset/train/labels) by extension 'python_setup_py'
[0.207s] Level 1:colcon.colcon_core.package_identification:_identify(dataset/valid) by extensions ['ignore', 'ignore_ament_install']
[0.207s] Level 1:colcon.colcon_core.package_identification:_identify(dataset/valid) by extension 'ignore'
[0.208s] Level 1:colcon.colcon_core.package_identification:_identify(dataset/valid) by extension 'ignore_ament_install'
[0.208s] Level 1:colcon.colcon_core.package_identification:_identify(dataset/valid) by extensions ['colcon_pkg']
[0.208s] Level 1:colcon.colcon_core.package_identification:_identify(dataset/valid) by extension 'colcon_pkg'
[0.208s] Level 1:colcon.colcon_core.package_identification:_identify(dataset/valid) by extensions ['colcon_meta']
[0.208s] Level 1:colcon.colcon_core.package_identification:_identify(dataset/valid) by extension 'colcon_meta'
[0.208s] Level 1:colcon.colcon_core.package_identification:_identify(dataset/valid) by extensions ['ros']
[0.208s] Level 1:colcon.colcon_core.package_identification:_identify(dataset/valid) by extension 'ros'
[0.208s] Level 1:colcon.colcon_core.package_identification:_identify(dataset/valid) by extensions ['cmake', 'python']
[0.208s] Level 1:colcon.colcon_core.package_identification:_identify(dataset/valid) by extension 'cmake'
[0.208s] Level 1:colcon.colcon_core.package_identification:_identify(dataset/valid) by extension 'python'
[0.208s] Level 1:colcon.colcon_core.package_identification:_identify(dataset/valid) by extensions ['python_setup_py']
[0.208s] Level 1:colcon.colcon_core.package_identification:_identify(dataset/valid) by extension 'python_setup_py'
[0.208s] Level 1:colcon.colcon_core.package_identification:_identify(dataset/valid/images) by extensions ['ignore', 'ignore_ament_install']
[0.208s] Level 1:colcon.colcon_core.package_identification:_identify(dataset/valid/images) by extension 'ignore'
[0.208s] Level 1:colcon.colcon_core.package_identification:_identify(dataset/valid/images) by extension 'ignore_ament_install'
[0.208s] Level 1:colcon.colcon_core.package_identification:_identify(dataset/valid/images) by extensions ['colcon_pkg']
[0.208s] Level 1:colcon.colcon_core.package_identification:_identify(dataset/valid/images) by extension 'colcon_pkg'
[0.208s] Level 1:colcon.colcon_core.package_identification:_identify(dataset/valid/images) by extensions ['colcon_meta']
[0.208s] Level 1:colcon.colcon_core.package_identification:_identify(dataset/valid/images) by extension 'colcon_meta'
[0.208s] Level 1:colcon.colcon_core.package_identification:_identify(dataset/valid/images) by extensions ['ros']
[0.208s] Level 1:colcon.colcon_core.package_identification:_identify(dataset/valid/images) by extension 'ros'
[0.208s] Level 1:colcon.colcon_core.package_identification:_identify(dataset/valid/images) by extensions ['cmake', 'python']
[0.208s] Level 1:colcon.colcon_core.package_identification:_identify(dataset/valid/images) by extension 'cmake'
[0.208s] Level 1:colcon.colcon_core.package_identification:_identify(dataset/valid/images) by extension 'python'
[0.208s] Level 1:colcon.colcon_core.package_identification:_identify(dataset/valid/images) by extensions ['python_setup_py']
[0.208s] Level 1:colcon.colcon_core.package_identification:_identify(dataset/valid/images) by extension 'python_setup_py'
[0.208s] Level 1:colcon.colcon_core.package_identification:_identify(dataset/valid/labels) by extensions ['ignore', 'ignore_ament_install']
[0.208s] Level 1:colcon.colcon_core.package_identification:_identify(dataset/valid/labels) by extension 'ignore'
[0.208s] Level 1:colcon.colcon_core.package_identification:_identify(dataset/valid/labels) by extension 'ignore_ament_install'
[0.208s] Level 1:colcon.colcon_core.package_identification:_identify(dataset/valid/labels) by extensions ['colcon_pkg']
[0.208s] Level 1:colcon.colcon_core.package_identification:_identify(dataset/valid/labels) by extension 'colcon_pkg'
[0.208s] Level 1:colcon.colcon_core.package_identification:_identify(dataset/valid/labels) by extensions ['colcon_meta']
[0.208s] Level 1:colcon.colcon_core.package_identification:_identify(dataset/valid/labels) by extension 'colcon_meta'
[0.208s] Level 1:colcon.colcon_core.package_identification:_identify(dataset/valid/labels) by extensions ['ros']
[0.208s] Level 1:colcon.colcon_core.package_identification:_identify(dataset/valid/labels) by extension 'ros'
[0.208s] Level 1:colcon.colcon_core.package_identification:_identify(dataset/valid/labels) by extensions ['cmake', 'python']
[0.208s] Level 1:colcon.colcon_core.package_identification:_identify(dataset/valid/labels) by extension 'cmake'
[0.208s] Level 1:colcon.colcon_core.package_identification:_identify(dataset/valid/labels) by extension 'python'
[0.208s] Level 1:colcon.colcon_core.package_identification:_identify(dataset/valid/labels) by extensions ['python_setup_py']
[0.208s] Level 1:colcon.colcon_core.package_identification:_identify(dataset/valid/labels) by extension 'python_setup_py'
[0.209s] Level 1:colcon.colcon_core.package_identification:_identify(images) by extensions ['ignore', 'ignore_ament_install']
[0.209s] Level 1:colcon.colcon_core.package_identification:_identify(images) by extension 'ignore'
[0.209s] Level 1:colcon.colcon_core.package_identification:_identify(images) by extension 'ignore_ament_install'
[0.209s] Level 1:colcon.colcon_core.package_identification:_identify(images) by extensions ['colcon_pkg']
[0.209s] Level 1:colcon.colcon_core.package_identification:_identify(images) by extension 'colcon_pkg'
[0.209s] Level 1:colcon.colcon_core.package_identification:_identify(images) by extensions ['colcon_meta']
[0.209s] Level 1:colcon.colcon_core.package_identification:_identify(images) by extension 'colcon_meta'
[0.209s] Level 1:colcon.colcon_core.package_identification:_identify(images) by extensions ['ros']
[0.209s] Level 1:colcon.colcon_core.package_identification:_identify(images) by extension 'ros'
[0.209s] Level 1:colcon.colcon_core.package_identification:_identify(images) by extensions ['cmake', 'python']
[0.209s] Level 1:colcon.colcon_core.package_identification:_identify(images) by extension 'cmake'
[0.209s] Level 1:colcon.colcon_core.package_identification:_identify(images) by extension 'python'
[0.209s] Level 1:colcon.colcon_core.package_identification:_identify(images) by extensions ['python_setup_py']
[0.209s] Level 1:colcon.colcon_core.package_identification:_identify(images) by extension 'python_setup_py'
[0.209s] Level 1:colcon.colcon_core.package_identification:_identify(install) by extensions ['ignore', 'ignore_ament_install']
[0.209s] Level 1:colcon.colcon_core.package_identification:_identify(install) by extension 'ignore'
[0.209s] Level 1:colcon.colcon_core.package_identification:_identify(install) ignored
[0.209s] Level 1:colcon.colcon_core.package_identification:_identify(log) by extensions ['ignore', 'ignore_ament_install']
[0.209s] Level 1:colcon.colcon_core.package_identification:_identify(log) by extension 'ignore'
[0.209s] Level 1:colcon.colcon_core.package_identification:_identify(log) ignored
[0.209s] Level 1:colcon.colcon_core.package_identification:_identify(runs) by extensions ['ignore', 'ignore_ament_install']
[0.209s] Level 1:colcon.colcon_core.package_identification:_identify(runs) by extension 'ignore'
[0.209s] Level 1:colcon.colcon_core.package_identification:_identify(runs) by extension 'ignore_ament_install'
[0.209s] Level 1:colcon.colcon_core.package_identification:_identify(runs) by extensions ['colcon_pkg']
[0.209s] Level 1:colcon.colcon_core.package_identification:_identify(runs) by extension 'colcon_pkg'
[0.209s] Level 1:colcon.colcon_core.package_identification:_identify(runs) by extensions ['colcon_meta']
[0.209s] Level 1:colcon.colcon_core.package_identification:_identify(runs) by extension 'colcon_meta'
[0.209s] Level 1:colcon.colcon_core.package_identification:_identify(runs) by extensions ['ros']
[0.209s] Level 1:colcon.colcon_core.package_identification:_identify(runs) by extension 'ros'
[0.209s] Level 1:colcon.colcon_core.package_identification:_identify(runs) by extensions ['cmake', 'python']
[0.209s] Level 1:colcon.colcon_core.package_identification:_identify(runs) by extension 'cmake'
[0.209s] Level 1:colcon.colcon_core.package_identification:_identify(runs) by extension 'python'
[0.209s] Level 1:colcon.colcon_core.package_identification:_identify(runs) by extensions ['python_setup_py']
[0.209s] Level 1:colcon.colcon_core.package_identification:_identify(runs) by extension 'python_setup_py'
[0.209s] Level 1:colcon.colcon_core.package_identification:_identify(runs/segment) by extensions ['ignore', 'ignore_ament_install']
[0.209s] Level 1:colcon.colcon_core.package_identification:_identify(runs/segment) by extension 'ignore'
[0.209s] Level 1:colcon.colcon_core.package_identification:_identify(runs/segment) by extension 'ignore_ament_install'
[0.209s] Level 1:colcon.colcon_core.package_identification:_identify(runs/segment) by extensions ['colcon_pkg']
[0.209s] Level 1:colcon.colcon_core.package_identification:_identify(runs/segment) by extension 'colcon_pkg'
[0.209s] Level 1:colcon.colcon_core.package_identification:_identify(runs/segment) by extensions ['colcon_meta']
[0.209s] Level 1:colcon.colcon_core.package_identification:_identify(runs/segment) by extension 'colcon_meta'
[0.209s] Level 1:colcon.colcon_core.package_identification:_identify(runs/segment) by extensions ['ros']
[0.209s] Level 1:colcon.colcon_core.package_identification:_identify(runs/segment) by extension 'ros'
[0.210s] Level 1:colcon.colcon_core.package_identification:_identify(runs/segment) by extensions ['cmake', 'python']
[0.210s] Level 1:colcon.colcon_core.package_identification:_identify(runs/segment) by extension 'cmake'
[0.210s] Level 1:colcon.colcon_core.package_identification:_identify(runs/segment) by extension 'python'
[0.210s] Level 1:colcon.colcon_core.package_identification:_identify(runs/segment) by extensions ['python_setup_py']
[0.210s] Level 1:colcon.colcon_core.package_identification:_identify(runs/segment) by extension 'python_setup_py'
[0.210s] Level 1:colcon.colcon_core.package_identification:_identify(runs/segment/predict) by extensions ['ignore', 'ignore_ament_install']
[0.210s] Level 1:colcon.colcon_core.package_identification:_identify(runs/segment/predict) by extension 'ignore'
[0.210s] Level 1:colcon.colcon_core.package_identification:_identify(runs/segment/predict) by extension 'ignore_ament_install'
[0.210s] Level 1:colcon.colcon_core.package_identification:_identify(runs/segment/predict) by extensions ['colcon_pkg']
[0.210s] Level 1:colcon.colcon_core.package_identification:_identify(runs/segment/predict) by extension 'colcon_pkg'
[0.210s] Level 1:colcon.colcon_core.package_identification:_identify(runs/segment/predict) by extensions ['colcon_meta']
[0.210s] Level 1:colcon.colcon_core.package_identification:_identify(runs/segment/predict) by extension 'colcon_meta'
[0.210s] Level 1:colcon.colcon_core.package_identification:_identify(runs/segment/predict) by extensions ['ros']
[0.210s] Level 1:colcon.colcon_core.package_identification:_identify(runs/segment/predict) by extension 'ros'
[0.210s] Level 1:colcon.colcon_core.package_identification:_identify(runs/segment/predict) by extensions ['cmake', 'python']
[0.210s] Level 1:colcon.colcon_core.package_identification:_identify(runs/segment/predict) by extension 'cmake'
[0.210s] Level 1:colcon.colcon_core.package_identification:_identify(runs/segment/predict) by extension 'python'
[0.210s] Level 1:colcon.colcon_core.package_identification:_identify(runs/segment/predict) by extensions ['python_setup_py']
[0.210s] Level 1:colcon.colcon_core.package_identification:_identify(runs/segment/predict) by extension 'python_setup_py'
[0.210s] Level 1:colcon.colcon_core.package_identification:_identify(runs/segment/predict2) by extensions ['ignore', 'ignore_ament_install']
[0.210s] Level 1:colcon.colcon_core.package_identification:_identify(runs/segment/predict2) by extension 'ignore'
[0.210s] Level 1:colcon.colcon_core.package_identification:_identify(runs/segment/predict2) by extension 'ignore_ament_install'
[0.210s] Level 1:colcon.colcon_core.package_identification:_identify(runs/segment/predict2) by extensions ['colcon_pkg']
[0.210s] Level 1:colcon.colcon_core.package_identification:_identify(runs/segment/predict2) by extension 'colcon_pkg'
[0.210s] Level 1:colcon.colcon_core.package_identification:_identify(runs/segment/predict2) by extensions ['colcon_meta']
[0.210s] Level 1:colcon.colcon_core.package_identification:_identify(runs/segment/predict2) by extension 'colcon_meta'
[0.210s] Level 1:colcon.colcon_core.package_identification:_identify(runs/segment/predict2) by extensions ['ros']
[0.210s] Level 1:colcon.colcon_core.package_identification:_identify(runs/segment/predict2) by extension 'ros'
[0.210s] Level 1:colcon.colcon_core.package_identification:_identify(runs/segment/predict2) by extensions ['cmake', 'python']
[0.210s] Level 1:colcon.colcon_core.package_identification:_identify(runs/segment/predict2) by extension 'cmake'
[0.210s] Level 1:colcon.colcon_core.package_identification:_identify(runs/segment/predict2) by extension 'python'
[0.210s] Level 1:colcon.colcon_core.package_identification:_identify(runs/segment/predict2) by extensions ['python_setup_py']
[0.210s] Level 1:colcon.colcon_core.package_identification:_identify(runs/segment/predict2) by extension 'python_setup_py'
[0.210s] Level 1:colcon.colcon_core.package_identification:_identify(runs/segment/predict3) by extensions ['ignore', 'ignore_ament_install']
[0.210s] Level 1:colcon.colcon_core.package_identification:_identify(runs/segment/predict3) by extension 'ignore'
[0.210s] Level 1:colcon.colcon_core.package_identification:_identify(runs/segment/predict3) by extension 'ignore_ament_install'
[0.210s] Level 1:colcon.colcon_core.package_identification:_identify(runs/segment/predict3) by extensions ['colcon_pkg']
[0.210s] Level 1:colcon.colcon_core.package_identification:_identify(runs/segment/predict3) by extension 'colcon_pkg'
[0.210s] Level 1:colcon.colcon_core.package_identification:_identify(runs/segment/predict3) by extensions ['colcon_meta']
[0.210s] Level 1:colcon.colcon_core.package_identification:_identify(runs/segment/predict3) by extension 'colcon_meta'
[0.210s] Level 1:colcon.colcon_core.package_identification:_identify(runs/segment/predict3) by extensions ['ros']
[0.210s] Level 1:colcon.colcon_core.package_identification:_identify(runs/segment/predict3) by extension 'ros'
[0.210s] Level 1:colcon.colcon_core.package_identification:_identify(runs/segment/predict3) by extensions ['cmake', 'python']
[0.210s] Level 1:colcon.colcon_core.package_identification:_identify(runs/segment/predict3) by extension 'cmake'
[0.210s] Level 1:colcon.colcon_core.package_identification:_identify(runs/segment/predict3) by extension 'python'
[0.210s] Level 1:colcon.colcon_core.package_identification:_identify(runs/segment/predict3) by extensions ['python_setup_py']
[0.210s] Level 1:colcon.colcon_core.package_identification:_identify(runs/segment/predict3) by extension 'python_setup_py'
[0.210s] Level 1:colcon.colcon_core.package_identification:_identify(runs/segment/train) by extensions ['ignore', 'ignore_ament_install']
[0.211s] Level 1:colcon.colcon_core.package_identification:_identify(runs/segment/train) by extension 'ignore'
[0.211s] Level 1:colcon.colcon_core.package_identification:_identify(runs/segment/train) by extension 'ignore_ament_install'
[0.211s] Level 1:colcon.colcon_core.package_identification:_identify(runs/segment/train) by extensions ['colcon_pkg']
[0.211s] Level 1:colcon.colcon_core.package_identification:_identify(runs/segment/train) by extension 'colcon_pkg'
[0.211s] Level 1:colcon.colcon_core.package_identification:_identify(runs/segment/train) by extensions ['colcon_meta']
[0.211s] Level 1:colcon.colcon_core.package_identification:_identify(runs/segment/train) by extension 'colcon_meta'
[0.211s] Level 1:colcon.colcon_core.package_identification:_identify(runs/segment/train) by extensions ['ros']
[0.211s] Level 1:colcon.colcon_core.package_identification:_identify(runs/segment/train) by extension 'ros'
[0.211s] Level 1:colcon.colcon_core.package_identification:_identify(runs/segment/train) by extensions ['cmake', 'python']
[0.211s] Level 1:colcon.colcon_core.package_identification:_identify(runs/segment/train) by extension 'cmake'
[0.211s] Level 1:colcon.colcon_core.package_identification:_identify(runs/segment/train) by extension 'python'
[0.211s] Level 1:colcon.colcon_core.package_identification:_identify(runs/segment/train) by extensions ['python_setup_py']
[0.211s] Level 1:colcon.colcon_core.package_identification:_identify(runs/segment/train) by extension 'python_setup_py'
[0.211s] Level 1:colcon.colcon_core.package_identification:_identify(runs/segment/train/weights) by extensions ['ignore', 'ignore_ament_install']
[0.211s] Level 1:colcon.colcon_core.package_identification:_identify(runs/segment/train/weights) by extension 'ignore'
[0.211s] Level 1:colcon.colcon_core.package_identification:_identify(runs/segment/train/weights) by extension 'ignore_ament_install'
[0.211s] Level 1:colcon.colcon_core.package_identification:_identify(runs/segment/train/weights) by extensions ['colcon_pkg']
[0.211s] Level 1:colcon.colcon_core.package_identification:_identify(runs/segment/train/weights) by extension 'colcon_pkg'
[0.211s] Level 1:colcon.colcon_core.package_identification:_identify(runs/segment/train/weights) by extensions ['colcon_meta']
[0.211s] Level 1:colcon.colcon_core.package_identification:_identify(runs/segment/train/weights) by extension 'colcon_meta'
[0.211s] Level 1:colcon.colcon_core.package_identification:_identify(runs/segment/train/weights) by extensions ['ros']
[0.211s] Level 1:colcon.colcon_core.package_identification:_identify(runs/segment/train/weights) by extension 'ros'
[0.211s] Level 1:colcon.colcon_core.package_identification:_identify(runs/segment/train/weights) by extensions ['cmake', 'python']
[0.211s] Level 1:colcon.colcon_core.package_identification:_identify(runs/segment/train/weights) by extension 'cmake'
[0.211s] Level 1:colcon.colcon_core.package_identification:_identify(runs/segment/train/weights) by extension 'python'
[0.211s] Level 1:colcon.colcon_core.package_identification:_identify(runs/segment/train/weights) by extensions ['python_setup_py']
[0.211s] Level 1:colcon.colcon_core.package_identification:_identify(runs/segment/train/weights) by extension 'python_setup_py'
[0.211s] Level 1:colcon.colcon_core.package_identification:_identify(runs/segment/train2) by extensions ['ignore', 'ignore_ament_install']
[0.211s] Level 1:colcon.colcon_core.package_identification:_identify(runs/segment/train2) by extension 'ignore'
[0.211s] Level 1:colcon.colcon_core.package_identification:_identify(runs/segment/train2) by extension 'ignore_ament_install'
[0.211s] Level 1:colcon.colcon_core.package_identification:_identify(runs/segment/train2) by extensions ['colcon_pkg']
[0.211s] Level 1:colcon.colcon_core.package_identification:_identify(runs/segment/train2) by extension 'colcon_pkg'
[0.211s] Level 1:colcon.colcon_core.package_identification:_identify(runs/segment/train2) by extensions ['colcon_meta']
[0.211s] Level 1:colcon.colcon_core.package_identification:_identify(runs/segment/train2) by extension 'colcon_meta'
[0.211s] Level 1:colcon.colcon_core.package_identification:_identify(runs/segment/train2) by extensions ['ros']
[0.211s] Level 1:colcon.colcon_core.package_identification:_identify(runs/segment/train2) by extension 'ros'
[0.211s] Level 1:colcon.colcon_core.package_identification:_identify(runs/segment/train2) by extensions ['cmake', 'python']
[0.211s] Level 1:colcon.colcon_core.package_identification:_identify(runs/segment/train2) by extension 'cmake'
[0.211s] Level 1:colcon.colcon_core.package_identification:_identify(runs/segment/train2) by extension 'python'
[0.211s] Level 1:colcon.colcon_core.package_identification:_identify(runs/segment/train2) by extensions ['python_setup_py']
[0.211s] Level 1:colcon.colcon_core.package_identification:_identify(runs/segment/train2) by extension 'python_setup_py'
[0.211s] Level 1:colcon.colcon_core.package_identification:_identify(runs/segment/train2/weights) by extensions ['ignore', 'ignore_ament_install']
[0.211s] Level 1:colcon.colcon_core.package_identification:_identify(runs/segment/train2/weights) by extension 'ignore'
[0.211s] Level 1:colcon.colcon_core.package_identification:_identify(runs/segment/train2/weights) by extension 'ignore_ament_install'
[0.211s] Level 1:colcon.colcon_core.package_identification:_identify(runs/segment/train2/weights) by extensions ['colcon_pkg']
[0.211s] Level 1:colcon.colcon_core.package_identification:_identify(runs/segment/train2/weights) by extension 'colcon_pkg'
[0.211s] Level 1:colcon.colcon_core.package_identification:_identify(runs/segment/train2/weights) by extensions ['colcon_meta']
[0.211s] Level 1:colcon.colcon_core.package_identification:_identify(runs/segment/train2/weights) by extension 'colcon_meta'
[0.212s] Level 1:colcon.colcon_core.package_identification:_identify(runs/segment/train2/weights) by extensions ['ros']
[0.212s] Level 1:colcon.colcon_core.package_identification:_identify(runs/segment/train2/weights) by extension 'ros'
[0.212s] Level 1:colcon.colcon_core.package_identification:_identify(runs/segment/train2/weights) by extensions ['cmake', 'python']
[0.212s] Level 1:colcon.colcon_core.package_identification:_identify(runs/segment/train2/weights) by extension 'cmake'
[0.212s] Level 1:colcon.colcon_core.package_identification:_identify(runs/segment/train2/weights) by extension 'python'
[0.212s] Level 1:colcon.colcon_core.package_identification:_identify(runs/segment/train2/weights) by extensions ['python_setup_py']
[0.212s] Level 1:colcon.colcon_core.package_identification:_identify(runs/segment/train2/weights) by extension 'python_setup_py'
[0.212s] Level 1:colcon.colcon_core.package_identification:_identify(runs/segment/train3) by extensions ['ignore', 'ignore_ament_install']
[0.212s] Level 1:colcon.colcon_core.package_identification:_identify(runs/segment/train3) by extension 'ignore'
[0.212s] Level 1:colcon.colcon_core.package_identification:_identify(runs/segment/train3) by extension 'ignore_ament_install'
[0.212s] Level 1:colcon.colcon_core.package_identification:_identify(runs/segment/train3) by extensions ['colcon_pkg']
[0.212s] Level 1:colcon.colcon_core.package_identification:_identify(runs/segment/train3) by extension 'colcon_pkg'
[0.212s] Level 1:colcon.colcon_core.package_identification:_identify(runs/segment/train3) by extensions ['colcon_meta']
[0.212s] Level 1:colcon.colcon_core.package_identification:_identify(runs/segment/train3) by extension 'colcon_meta'
[0.212s] Level 1:colcon.colcon_core.package_identification:_identify(runs/segment/train3) by extensions ['ros']
[0.212s] Level 1:colcon.colcon_core.package_identification:_identify(runs/segment/train3) by extension 'ros'
[0.212s] Level 1:colcon.colcon_core.package_identification:_identify(runs/segment/train3) by extensions ['cmake', 'python']
[0.212s] Level 1:colcon.colcon_core.package_identification:_identify(runs/segment/train3) by extension 'cmake'
[0.212s] Level 1:colcon.colcon_core.package_identification:_identify(runs/segment/train3) by extension 'python'
[0.212s] Level 1:colcon.colcon_core.package_identification:_identify(runs/segment/train3) by extensions ['python_setup_py']
[0.212s] Level 1:colcon.colcon_core.package_identification:_identify(runs/segment/train3) by extension 'python_setup_py'
[0.212s] Level 1:colcon.colcon_core.package_identification:_identify(runs/segment/train3/weights) by extensions ['ignore', 'ignore_ament_install']
[0.212s] Level 1:colcon.colcon_core.package_identification:_identify(runs/segment/train3/weights) by extension 'ignore'
[0.212s] Level 1:colcon.colcon_core.package_identification:_identify(runs/segment/train3/weights) by extension 'ignore_ament_install'
[0.212s] Level 1:colcon.colcon_core.package_identification:_identify(runs/segment/train3/weights) by extensions ['colcon_pkg']
[0.212s] Level 1:colcon.colcon_core.package_identification:_identify(runs/segment/train3/weights) by extension 'colcon_pkg'
[0.212s] Level 1:colcon.colcon_core.package_identification:_identify(runs/segment/train3/weights) by extensions ['colcon_meta']
[0.212s] Level 1:colcon.colcon_core.package_identification:_identify(runs/segment/train3/weights) by extension 'colcon_meta'
[0.212s] Level 1:colcon.colcon_core.package_identification:_identify(runs/segment/train3/weights) by extensions ['ros']
[0.212s] Level 1:colcon.colcon_core.package_identification:_identify(runs/segment/train3/weights) by extension 'ros'
[0.212s] Level 1:colcon.colcon_core.package_identification:_identify(runs/segment/train3/weights) by extensions ['cmake', 'python']
[0.212s] Level 1:colcon.colcon_core.package_identification:_identify(runs/segment/train3/weights) by extension 'cmake'
[0.212s] Level 1:colcon.colcon_core.package_identification:_identify(runs/segment/train3/weights) by extension 'python'
[0.212s] Level 1:colcon.colcon_core.package_identification:_identify(runs/segment/train3/weights) by extensions ['python_setup_py']
[0.212s] Level 1:colcon.colcon_core.package_identification:_identify(runs/segment/train3/weights) by extension 'python_setup_py'
[0.212s] Level 1:colcon.colcon_core.package_identification:_identify(runs/segment/train4) by extensions ['ignore', 'ignore_ament_install']
[0.212s] Level 1:colcon.colcon_core.package_identification:_identify(runs/segment/train4) by extension 'ignore'
[0.212s] Level 1:colcon.colcon_core.package_identification:_identify(runs/segment/train4) by extension 'ignore_ament_install'
[0.212s] Level 1:colcon.colcon_core.package_identification:_identify(runs/segment/train4) by extensions ['colcon_pkg']
[0.212s] Level 1:colcon.colcon_core.package_identification:_identify(runs/segment/train4) by extension 'colcon_pkg'
[0.212s] Level 1:colcon.colcon_core.package_identification:_identify(runs/segment/train4) by extensions ['colcon_meta']
[0.212s] Level 1:colcon.colcon_core.package_identification:_identify(runs/segment/train4) by extension 'colcon_meta'
[0.212s] Level 1:colcon.colcon_core.package_identification:_identify(runs/segment/train4) by extensions ['ros']
[0.212s] Level 1:colcon.colcon_core.package_identification:_identify(runs/segment/train4) by extension 'ros'
[0.212s] Level 1:colcon.colcon_core.package_identification:_identify(runs/segment/train4) by extensions ['cmake', 'python']
[0.212s] Level 1:colcon.colcon_core.package_identification:_identify(runs/segment/train4) by extension 'cmake'
[0.212s] Level 1:colcon.colcon_core.package_identification:_identify(runs/segment/train4) by extension 'python'
[0.212s] Level 1:colcon.colcon_core.package_identification:_identify(runs/segment/train4) by extensions ['python_setup_py']
[0.212s] Level 1:colcon.colcon_core.package_identification:_identify(runs/segment/train4) by extension 'python_setup_py'
[0.213s] Level 1:colcon.colcon_core.package_identification:_identify(runs/segment/train4/weights) by extensions ['ignore', 'ignore_ament_install']
[0.213s] Level 1:colcon.colcon_core.package_identification:_identify(runs/segment/train4/weights) by extension 'ignore'
[0.213s] Level 1:colcon.colcon_core.package_identification:_identify(runs/segment/train4/weights) by extension 'ignore_ament_install'
[0.213s] Level 1:colcon.colcon_core.package_identification:_identify(runs/segment/train4/weights) by extensions ['colcon_pkg']
[0.213s] Level 1:colcon.colcon_core.package_identification:_identify(runs/segment/train4/weights) by extension 'colcon_pkg'
[0.213s] Level 1:colcon.colcon_core.package_identification:_identify(runs/segment/train4/weights) by extensions ['colcon_meta']
[0.213s] Level 1:colcon.colcon_core.package_identification:_identify(runs/segment/train4/weights) by extension 'colcon_meta'
[0.213s] Level 1:colcon.colcon_core.package_identification:_identify(runs/segment/train4/weights) by extensions ['ros']
[0.213s] Level 1:colcon.colcon_core.package_identification:_identify(runs/segment/train4/weights) by extension 'ros'
[0.213s] Level 1:colcon.colcon_core.package_identification:_identify(runs/segment/train4/weights) by extensions ['cmake', 'python']
[0.213s] Level 1:colcon.colcon_core.package_identification:_identify(runs/segment/train4/weights) by extension 'cmake'
[0.213s] Level 1:colcon.colcon_core.package_identification:_identify(runs/segment/train4/weights) by extension 'python'
[0.213s] Level 1:colcon.colcon_core.package_identification:_identify(runs/segment/train4/weights) by extensions ['python_setup_py']
[0.213s] Level 1:colcon.colcon_core.package_identification:_identify(runs/segment/train4/weights) by extension 'python_setup_py'
[0.213s] Level 1:colcon.colcon_core.package_identification:_identify(runs/segment/train5) by extensions ['ignore', 'ignore_ament_install']
[0.213s] Level 1:colcon.colcon_core.package_identification:_identify(runs/segment/train5) by extension 'ignore'
[0.213s] Level 1:colcon.colcon_core.package_identification:_identify(runs/segment/train5) by extension 'ignore_ament_install'
[0.213s] Level 1:colcon.colcon_core.package_identification:_identify(runs/segment/train5) by extensions ['colcon_pkg']
[0.213s] Level 1:colcon.colcon_core.package_identification:_identify(runs/segment/train5) by extension 'colcon_pkg'
[0.213s] Level 1:colcon.colcon_core.package_identification:_identify(runs/segment/train5) by extensions ['colcon_meta']
[0.213s] Level 1:colcon.colcon_core.package_identification:_identify(runs/segment/train5) by extension 'colcon_meta'
[0.213s] Level 1:colcon.colcon_core.package_identification:_identify(runs/segment/train5) by extensions ['ros']
[0.213s] Level 1:colcon.colcon_core.package_identification:_identify(runs/segment/train5) by extension 'ros'
[0.213s] Level 1:colcon.colcon_core.package_identification:_identify(runs/segment/train5) by extensions ['cmake', 'python']
[0.213s] Level 1:colcon.colcon_core.package_identification:_identify(runs/segment/train5) by extension 'cmake'
[0.213s] Level 1:colcon.colcon_core.package_identification:_identify(runs/segment/train5) by extension 'python'
[0.213s] Level 1:colcon.colcon_core.package_identification:_identify(runs/segment/train5) by extensions ['python_setup_py']
[0.213s] Level 1:colcon.colcon_core.package_identification:_identify(runs/segment/train5) by extension 'python_setup_py'
[0.213s] Level 1:colcon.colcon_core.package_identification:_identify(runs/segment/train5/weights) by extensions ['ignore', 'ignore_ament_install']
[0.213s] Level 1:colcon.colcon_core.package_identification:_identify(runs/segment/train5/weights) by extension 'ignore'
[0.213s] Level 1:colcon.colcon_core.package_identification:_identify(runs/segment/train5/weights) by extension 'ignore_ament_install'
[0.213s] Level 1:colcon.colcon_core.package_identification:_identify(runs/segment/train5/weights) by extensions ['colcon_pkg']
[0.213s] Level 1:colcon.colcon_core.package_identification:_identify(runs/segment/train5/weights) by extension 'colcon_pkg'
[0.213s] Level 1:colcon.colcon_core.package_identification:_identify(runs/segment/train5/weights) by extensions ['colcon_meta']
[0.213s] Level 1:colcon.colcon_core.package_identification:_identify(runs/segment/train5/weights) by extension 'colcon_meta'
[0.213s] Level 1:colcon.colcon_core.package_identification:_identify(runs/segment/train5/weights) by extensions ['ros']
[0.213s] Level 1:colcon.colcon_core.package_identification:_identify(runs/segment/train5/weights) by extension 'ros'
[0.213s] Level 1:colcon.colcon_core.package_identification:_identify(runs/segment/train5/weights) by extensions ['cmake', 'python']
[0.213s] Level 1:colcon.colcon_core.package_identification:_identify(runs/segment/train5/weights) by extension 'cmake'
[0.213s] Level 1:colcon.colcon_core.package_identification:_identify(runs/segment/train5/weights) by extension 'python'
[0.213s] Level 1:colcon.colcon_core.package_identification:_identify(runs/segment/train5/weights) by extensions ['python_setup_py']
[0.213s] Level 1:colcon.colcon_core.package_identification:_identify(runs/segment/train5/weights) by extension 'python_setup_py'
[0.213s] Level 1:colcon.colcon_core.package_identification:_identify(runs/segment/train6) by extensions ['ignore', 'ignore_ament_install']
[0.213s] Level 1:colcon.colcon_core.package_identification:_identify(runs/segment/train6) by extension 'ignore'
[0.213s] Level 1:colcon.colcon_core.package_identification:_identify(runs/segment/train6) by extension 'ignore_ament_install'
[0.213s] Level 1:colcon.colcon_core.package_identification:_identify(runs/segment/train6) by extensions ['colcon_pkg']
[0.213s] Level 1:colcon.colcon_core.package_identification:_identify(runs/segment/train6) by extension 'colcon_pkg'
[0.214s] Level 1:colcon.colcon_core.package_identification:_identify(runs/segment/train6) by extensions ['colcon_meta']
[0.214s] Level 1:colcon.colcon_core.package_identification:_identify(runs/segment/train6) by extension 'colcon_meta'
[0.214s] Level 1:colcon.colcon_core.package_identification:_identify(runs/segment/train6) by extensions ['ros']
[0.214s] Level 1:colcon.colcon_core.package_identification:_identify(runs/segment/train6) by extension 'ros'
[0.214s] Level 1:colcon.colcon_core.package_identification:_identify(runs/segment/train6) by extensions ['cmake', 'python']
[0.214s] Level 1:colcon.colcon_core.package_identification:_identify(runs/segment/train6) by extension 'cmake'
[0.214s] Level 1:colcon.colcon_core.package_identification:_identify(runs/segment/train6) by extension 'python'
[0.214s] Level 1:colcon.colcon_core.package_identification:_identify(runs/segment/train6) by extensions ['python_setup_py']
[0.214s] Level 1:colcon.colcon_core.package_identification:_identify(runs/segment/train6) by extension 'python_setup_py'
[0.214s] Level 1:colcon.colcon_core.package_identification:_identify(runs/segment/train6/weights) by extensions ['ignore', 'ignore_ament_install']
[0.214s] Level 1:colcon.colcon_core.package_identification:_identify(runs/segment/train6/weights) by extension 'ignore'
[0.214s] Level 1:colcon.colcon_core.package_identification:_identify(runs/segment/train6/weights) by extension 'ignore_ament_install'
[0.214s] Level 1:colcon.colcon_core.package_identification:_identify(runs/segment/train6/weights) by extensions ['colcon_pkg']
[0.214s] Level 1:colcon.colcon_core.package_identification:_identify(runs/segment/train6/weights) by extension 'colcon_pkg'
[0.214s] Level 1:colcon.colcon_core.package_identification:_identify(runs/segment/train6/weights) by extensions ['colcon_meta']
[0.214s] Level 1:colcon.colcon_core.package_identification:_identify(runs/segment/train6/weights) by extension 'colcon_meta'
[0.214s] Level 1:colcon.colcon_core.package_identification:_identify(runs/segment/train6/weights) by extensions ['ros']
[0.214s] Level 1:colcon.colcon_core.package_identification:_identify(runs/segment/train6/weights) by extension 'ros'
[0.214s] Level 1:colcon.colcon_core.package_identification:_identify(runs/segment/train6/weights) by extensions ['cmake', 'python']
[0.214s] Level 1:colcon.colcon_core.package_identification:_identify(runs/segment/train6/weights) by extension 'cmake'
[0.214s] Level 1:colcon.colcon_core.package_identification:_identify(runs/segment/train6/weights) by extension 'python'
[0.214s] Level 1:colcon.colcon_core.package_identification:_identify(runs/segment/train6/weights) by extensions ['python_setup_py']
[0.214s] Level 1:colcon.colcon_core.package_identification:_identify(runs/segment/train6/weights) by extension 'python_setup_py'
[0.214s] Level 1:colcon.colcon_core.package_identification:_identify(runs/segment/train7) by extensions ['ignore', 'ignore_ament_install']
[0.214s] Level 1:colcon.colcon_core.package_identification:_identify(runs/segment/train7) by extension 'ignore'
[0.214s] Level 1:colcon.colcon_core.package_identification:_identify(runs/segment/train7) by extension 'ignore_ament_install'
[0.214s] Level 1:colcon.colcon_core.package_identification:_identify(runs/segment/train7) by extensions ['colcon_pkg']
[0.214s] Level 1:colcon.colcon_core.package_identification:_identify(runs/segment/train7) by extension 'colcon_pkg'
[0.214s] Level 1:colcon.colcon_core.package_identification:_identify(runs/segment/train7) by extensions ['colcon_meta']
[0.214s] Level 1:colcon.colcon_core.package_identification:_identify(runs/segment/train7) by extension 'colcon_meta'
[0.214s] Level 1:colcon.colcon_core.package_identification:_identify(runs/segment/train7) by extensions ['ros']
[0.214s] Level 1:colcon.colcon_core.package_identification:_identify(runs/segment/train7) by extension 'ros'
[0.214s] Level 1:colcon.colcon_core.package_identification:_identify(runs/segment/train7) by extensions ['cmake', 'python']
[0.214s] Level 1:colcon.colcon_core.package_identification:_identify(runs/segment/train7) by extension 'cmake'
[0.214s] Level 1:colcon.colcon_core.package_identification:_identify(runs/segment/train7) by extension 'python'
[0.214s] Level 1:colcon.colcon_core.package_identification:_identify(runs/segment/train7) by extensions ['python_setup_py']
[0.214s] Level 1:colcon.colcon_core.package_identification:_identify(runs/segment/train7) by extension 'python_setup_py'
[0.214s] Level 1:colcon.colcon_core.package_identification:_identify(runs/segment/train7/weights) by extensions ['ignore', 'ignore_ament_install']
[0.214s] Level 1:colcon.colcon_core.package_identification:_identify(runs/segment/train7/weights) by extension 'ignore'
[0.214s] Level 1:colcon.colcon_core.package_identification:_identify(runs/segment/train7/weights) by extension 'ignore_ament_install'
[0.214s] Level 1:colcon.colcon_core.package_identification:_identify(runs/segment/train7/weights) by extensions ['colcon_pkg']
[0.214s] Level 1:colcon.colcon_core.package_identification:_identify(runs/segment/train7/weights) by extension 'colcon_pkg'
[0.214s] Level 1:colcon.colcon_core.package_identification:_identify(runs/segment/train7/weights) by extensions ['colcon_meta']
[0.214s] Level 1:colcon.colcon_core.package_identification:_identify(runs/segment/train7/weights) by extension 'colcon_meta'
[0.214s] Level 1:colcon.colcon_core.package_identification:_identify(runs/segment/train7/weights) by extensions ['ros']
[0.214s] Level 1:colcon.colcon_core.package_identification:_identify(runs/segment/train7/weights) by extension 'ros'
[0.214s] Level 1:colcon.colcon_core.package_identification:_identify(runs/segment/train7/weights) by extensions ['cmake', 'python']
[0.214s] Level 1:colcon.colcon_core.package_identification:_identify(runs/segment/train7/weights) by extension 'cmake'
[0.214s] Level 1:colcon.colcon_core.package_identification:_identify(runs/segment/train7/weights) by extension 'python'
[0.215s] Level 1:colcon.colcon_core.package_identification:_identify(runs/segment/train7/weights) by extensions ['python_setup_py']
[0.215s] Level 1:colcon.colcon_core.package_identification:_identify(runs/segment/train7/weights) by extension 'python_setup_py'
[0.215s] Level 1:colcon.colcon_core.package_identification:_identify(runs/segment/val) by extensions ['ignore', 'ignore_ament_install']
[0.215s] Level 1:colcon.colcon_core.package_identification:_identify(runs/segment/val) by extension 'ignore'
[0.215s] Level 1:colcon.colcon_core.package_identification:_identify(runs/segment/val) by extension 'ignore_ament_install'
[0.215s] Level 1:colcon.colcon_core.package_identification:_identify(runs/segment/val) by extensions ['colcon_pkg']
[0.215s] Level 1:colcon.colcon_core.package_identification:_identify(runs/segment/val) by extension 'colcon_pkg'
[0.215s] Level 1:colcon.colcon_core.package_identification:_identify(runs/segment/val) by extensions ['colcon_meta']
[0.215s] Level 1:colcon.colcon_core.package_identification:_identify(runs/segment/val) by extension 'colcon_meta'
[0.215s] Level 1:colcon.colcon_core.package_identification:_identify(runs/segment/val) by extensions ['ros']
[0.215s] Level 1:colcon.colcon_core.package_identification:_identify(runs/segment/val) by extension 'ros'
[0.215s] Level 1:colcon.colcon_core.package_identification:_identify(runs/segment/val) by extensions ['cmake', 'python']
[0.215s] Level 1:colcon.colcon_core.package_identification:_identify(runs/segment/val) by extension 'cmake'
[0.215s] Level 1:colcon.colcon_core.package_identification:_identify(runs/segment/val) by extension 'python'
[0.215s] Level 1:colcon.colcon_core.package_identification:_identify(runs/segment/val) by extensions ['python_setup_py']
[0.215s] Level 1:colcon.colcon_core.package_identification:_identify(runs/segment/val) by extension 'python_setup_py'
[0.215s] Level 1:colcon.colcon_core.package_identification:_identify(runs/segment/val2) by extensions ['ignore', 'ignore_ament_install']
[0.215s] Level 1:colcon.colcon_core.package_identification:_identify(runs/segment/val2) by extension 'ignore'
[0.215s] Level 1:colcon.colcon_core.package_identification:_identify(runs/segment/val2) by extension 'ignore_ament_install'
[0.215s] Level 1:colcon.colcon_core.package_identification:_identify(runs/segment/val2) by extensions ['colcon_pkg']
[0.215s] Level 1:colcon.colcon_core.package_identification:_identify(runs/segment/val2) by extension 'colcon_pkg'
[0.215s] Level 1:colcon.colcon_core.package_identification:_identify(runs/segment/val2) by extensions ['colcon_meta']
[0.215s] Level 1:colcon.colcon_core.package_identification:_identify(runs/segment/val2) by extension 'colcon_meta'
[0.215s] Level 1:colcon.colcon_core.package_identification:_identify(runs/segment/val2) by extensions ['ros']
[0.215s] Level 1:colcon.colcon_core.package_identification:_identify(runs/segment/val2) by extension 'ros'
[0.215s] Level 1:colcon.colcon_core.package_identification:_identify(runs/segment/val2) by extensions ['cmake', 'python']
[0.215s] Level 1:colcon.colcon_core.package_identification:_identify(runs/segment/val2) by extension 'cmake'
[0.215s] Level 1:colcon.colcon_core.package_identification:_identify(runs/segment/val2) by extension 'python'
[0.215s] Level 1:colcon.colcon_core.package_identification:_identify(runs/segment/val2) by extensions ['python_setup_py']
[0.215s] Level 1:colcon.colcon_core.package_identification:_identify(runs/segment/val2) by extension 'python_setup_py'
[0.215s] Level 1:colcon.colcon_core.package_identification:_identify(src) by extensions ['ignore', 'ignore_ament_install']
[0.215s] Level 1:colcon.colcon_core.package_identification:_identify(src) by extension 'ignore'
[0.215s] Level 1:colcon.colcon_core.package_identification:_identify(src) by extension 'ignore_ament_install'
[0.215s] Level 1:colcon.colcon_core.package_identification:_identify(src) by extensions ['colcon_pkg']
[0.215s] Level 1:colcon.colcon_core.package_identification:_identify(src) by extension 'colcon_pkg'
[0.215s] Level 1:colcon.colcon_core.package_identification:_identify(src) by extensions ['colcon_meta']
[0.215s] Level 1:colcon.colcon_core.package_identification:_identify(src) by extension 'colcon_meta'
[0.215s] Level 1:colcon.colcon_core.package_identification:_identify(src) by extensions ['ros']
[0.215s] Level 1:colcon.colcon_core.package_identification:_identify(src) by extension 'ros'
[0.215s] Level 1:colcon.colcon_core.package_identification:_identify(src) by extensions ['cmake', 'python']
[0.215s] Level 1:colcon.colcon_core.package_identification:_identify(src) by extension 'cmake'
[0.215s] Level 1:colcon.colcon_core.package_identification:_identify(src) by extension 'python'
[0.215s] Level 1:colcon.colcon_core.package_identification:_identify(src) by extensions ['python_setup_py']
[0.215s] Level 1:colcon.colcon_core.package_identification:_identify(src) by extension 'python_setup_py'
[0.215s] Level 1:colcon.colcon_core.package_identification:_identify(src/pallet_detection) by extensions ['ignore', 'ignore_ament_install']
[0.215s] Level 1:colcon.colcon_core.package_identification:_identify(src/pallet_detection) by extension 'ignore'
[0.215s] Level 1:colcon.colcon_core.package_identification:_identify(src/pallet_detection) by extension 'ignore_ament_install'
[0.216s] Level 1:colcon.colcon_core.package_identification:_identify(src/pallet_detection) by extensions ['colcon_pkg']
[0.216s] Level 1:colcon.colcon_core.package_identification:_identify(src/pallet_detection) by extension 'colcon_pkg'
[0.216s] Level 1:colcon.colcon_core.package_identification:_identify(src/pallet_detection) by extensions ['colcon_meta']
[0.216s] Level 1:colcon.colcon_core.package_identification:_identify(src/pallet_detection) by extension 'colcon_meta'
[0.216s] Level 1:colcon.colcon_core.package_identification:_identify(src/pallet_detection) by extensions ['ros']
[0.216s] Level 1:colcon.colcon_core.package_identification:_identify(src/pallet_detection) by extension 'ros'
[0.217s] DEBUG:colcon.colcon_core.package_identification:Package 'src/pallet_detection' with type 'ros.ament_cmake' and name 'pallet_detection'
[0.217s] Level 1:colcon.colcon_core.package_identification:_identify(weights) by extensions ['ignore', 'ignore_ament_install']
[0.217s] Level 1:colcon.colcon_core.package_identification:_identify(weights) by extension 'ignore'
[0.217s] Level 1:colcon.colcon_core.package_identification:_identify(weights) by extension 'ignore_ament_install'
[0.217s] Level 1:colcon.colcon_core.package_identification:_identify(weights) by extensions ['colcon_pkg']
[0.217s] Level 1:colcon.colcon_core.package_identification:_identify(weights) by extension 'colcon_pkg'
[0.217s] Level 1:colcon.colcon_core.package_identification:_identify(weights) by extensions ['colcon_meta']
[0.217s] Level 1:colcon.colcon_core.package_identification:_identify(weights) by extension 'colcon_meta'
[0.217s] Level 1:colcon.colcon_core.package_identification:_identify(weights) by extensions ['ros']
[0.217s] Level 1:colcon.colcon_core.package_identification:_identify(weights) by extension 'ros'
[0.217s] Level 1:colcon.colcon_core.package_identification:_identify(weights) by extensions ['cmake', 'python']
[0.217s] Level 1:colcon.colcon_core.package_identification:_identify(weights) by extension 'cmake'
[0.217s] Level 1:colcon.colcon_core.package_identification:_identify(weights) by extension 'python'
[0.217s] Level 1:colcon.colcon_core.package_identification:_identify(weights) by extensions ['python_setup_py']
[0.217s] Level 1:colcon.colcon_core.package_identification:_identify(weights) by extension 'python_setup_py'
[0.217s] Level 1:colcon.colcon_core.package_identification:_identify(weights/detect_weight) by extensions ['ignore', 'ignore_ament_install']
[0.217s] Level 1:colcon.colcon_core.package_identification:_identify(weights/detect_weight) by extension 'ignore'
[0.218s] Level 1:colcon.colcon_core.package_identification:_identify(weights/detect_weight) by extension 'ignore_ament_install'
[0.218s] Level 1:colcon.colcon_core.package_identification:_identify(weights/detect_weight) by extensions ['colcon_pkg']
[0.218s] Level 1:colcon.colcon_core.package_identification:_identify(weights/detect_weight) by extension 'colcon_pkg'
[0.218s] Level 1:colcon.colcon_core.package_identification:_identify(weights/detect_weight) by extensions ['colcon_meta']
[0.218s] Level 1:colcon.colcon_core.package_identification:_identify(weights/detect_weight) by extension 'colcon_meta'
[0.218s] Level 1:colcon.colcon_core.package_identification:_identify(weights/detect_weight) by extensions ['ros']
[0.218s] Level 1:colcon.colcon_core.package_identification:_identify(weights/detect_weight) by extension 'ros'
[0.218s] Level 1:colcon.colcon_core.package_identification:_identify(weights/detect_weight) by extensions ['cmake', 'python']
[0.218s] Level 1:colcon.colcon_core.package_identification:_identify(weights/detect_weight) by extension 'cmake'
[0.218s] Level 1:colcon.colcon_core.package_identification:_identify(weights/detect_weight) by extension 'python'
[0.218s] Level 1:colcon.colcon_core.package_identification:_identify(weights/detect_weight) by extensions ['python_setup_py']
[0.218s] Level 1:colcon.colcon_core.package_identification:_identify(weights/detect_weight) by extension 'python_setup_py'
[0.218s] Level 1:colcon.colcon_core.package_identification:_identify(weights/detect_weight/best) by extensions ['ignore', 'ignore_ament_install']
[0.218s] Level 1:colcon.colcon_core.package_identification:_identify(weights/detect_weight/best) by extension 'ignore'
[0.218s] Level 1:colcon.colcon_core.package_identification:_identify(weights/detect_weight/best) by extension 'ignore_ament_install'
[0.218s] Level 1:colcon.colcon_core.package_identification:_identify(weights/detect_weight/best) by extensions ['colcon_pkg']
[0.218s] Level 1:colcon.colcon_core.package_identification:_identify(weights/detect_weight/best) by extension 'colcon_pkg'
[0.218s] Level 1:colcon.colcon_core.package_identification:_identify(weights/detect_weight/best) by extensions ['colcon_meta']
[0.218s] Level 1:colcon.colcon_core.package_identification:_identify(weights/detect_weight/best) by extension 'colcon_meta'
[0.218s] Level 1:colcon.colcon_core.package_identification:_identify(weights/detect_weight/best) by extensions ['ros']
[0.218s] Level 1:colcon.colcon_core.package_identification:_identify(weights/detect_weight/best) by extension 'ros'
[0.218s] Level 1:colcon.colcon_core.package_identification:_identify(weights/detect_weight/best) by extensions ['cmake', 'python']
[0.218s] Level 1:colcon.colcon_core.package_identification:_identify(weights/detect_weight/best) by extension 'cmake'
[0.218s] Level 1:colcon.colcon_core.package_identification:_identify(weights/detect_weight/best) by extension 'python'
[0.218s] Level 1:colcon.colcon_core.package_identification:_identify(weights/detect_weight/best) by extensions ['python_setup_py']
[0.218s] Level 1:colcon.colcon_core.package_identification:_identify(weights/detect_weight/best) by extension 'python_setup_py'
[0.218s] Level 1:colcon.colcon_core.package_identification:_identify(weights/detect_weight/best/data) by extensions ['ignore', 'ignore_ament_install']
[0.218s] Level 1:colcon.colcon_core.package_identification:_identify(weights/detect_weight/best/data) by extension 'ignore'
[0.218s] Level 1:colcon.colcon_core.package_identification:_identify(weights/detect_weight/best/data) by extension 'ignore_ament_install'
[0.218s] Level 1:colcon.colcon_core.package_identification:_identify(weights/detect_weight/best/data) by extensions ['colcon_pkg']
[0.218s] Level 1:colcon.colcon_core.package_identification:_identify(weights/detect_weight/best/data) by extension 'colcon_pkg'
[0.218s] Level 1:colcon.colcon_core.package_identification:_identify(weights/detect_weight/best/data) by extensions ['colcon_meta']
[0.218s] Level 1:colcon.colcon_core.package_identification:_identify(weights/detect_weight/best/data) by extension 'colcon_meta'
[0.218s] Level 1:colcon.colcon_core.package_identification:_identify(weights/detect_weight/best/data) by extensions ['ros']
[0.218s] Level 1:colcon.colcon_core.package_identification:_identify(weights/detect_weight/best/data) by extension 'ros'
[0.218s] Level 1:colcon.colcon_core.package_identification:_identify(weights/detect_weight/best/data) by extensions ['cmake', 'python']
[0.218s] Level 1:colcon.colcon_core.package_identification:_identify(weights/detect_weight/best/data) by extension 'cmake'
[0.218s] Level 1:colcon.colcon_core.package_identification:_identify(weights/detect_weight/best/data) by extension 'python'
[0.218s] Level 1:colcon.colcon_core.package_identification:_identify(weights/detect_weight/best/data) by extensions ['python_setup_py']
[0.218s] Level 1:colcon.colcon_core.package_identification:_identify(weights/detect_weight/best/data) by extension 'python_setup_py'
[0.219s] Level 1:colcon.colcon_core.package_identification:_identify(weights/segment_weight) by extensions ['ignore', 'ignore_ament_install']
[0.219s] Level 1:colcon.colcon_core.package_identification:_identify(weights/segment_weight) by extension 'ignore'
[0.219s] Level 1:colcon.colcon_core.package_identification:_identify(weights/segment_weight) by extension 'ignore_ament_install'
[0.219s] Level 1:colcon.colcon_core.package_identification:_identify(weights/segment_weight) by extensions ['colcon_pkg']
[0.219s] Level 1:colcon.colcon_core.package_identification:_identify(weights/segment_weight) by extension 'colcon_pkg'
[0.219s] Level 1:colcon.colcon_core.package_identification:_identify(weights/segment_weight) by extensions ['colcon_meta']
[0.219s] Level 1:colcon.colcon_core.package_identification:_identify(weights/segment_weight) by extension 'colcon_meta'
[0.219s] Level 1:colcon.colcon_core.package_identification:_identify(weights/segment_weight) by extensions ['ros']
[0.219s] Level 1:colcon.colcon_core.package_identification:_identify(weights/segment_weight) by extension 'ros'
[0.219s] Level 1:colcon.colcon_core.package_identification:_identify(weights/segment_weight) by extensions ['cmake', 'python']
[0.219s] Level 1:colcon.colcon_core.package_identification:_identify(weights/segment_weight) by extension 'cmake'
[0.219s] Level 1:colcon.colcon_core.package_identification:_identify(weights/segment_weight) by extension 'python'
[0.219s] Level 1:colcon.colcon_core.package_identification:_identify(weights/segment_weight) by extensions ['python_setup_py']
[0.219s] Level 1:colcon.colcon_core.package_identification:_identify(weights/segment_weight) by extension 'python_setup_py'
[0.219s] Level 1:colcon.colcon_core.package_identification:_identify(weights/segment_weight/best) by extensions ['ignore', 'ignore_ament_install']
[0.219s] Level 1:colcon.colcon_core.package_identification:_identify(weights/segment_weight/best) by extension 'ignore'
[0.219s] Level 1:colcon.colcon_core.package_identification:_identify(weights/segment_weight/best) by extension 'ignore_ament_install'
[0.219s] Level 1:colcon.colcon_core.package_identification:_identify(weights/segment_weight/best) by extensions ['colcon_pkg']
[0.219s] Level 1:colcon.colcon_core.package_identification:_identify(weights/segment_weight/best) by extension 'colcon_pkg'
[0.219s] Level 1:colcon.colcon_core.package_identification:_identify(weights/segment_weight/best) by extensions ['colcon_meta']
[0.219s] Level 1:colcon.colcon_core.package_identification:_identify(weights/segment_weight/best) by extension 'colcon_meta'
[0.219s] Level 1:colcon.colcon_core.package_identification:_identify(weights/segment_weight/best) by extensions ['ros']
[0.219s] Level 1:colcon.colcon_core.package_identification:_identify(weights/segment_weight/best) by extension 'ros'
[0.219s] Level 1:colcon.colcon_core.package_identification:_identify(weights/segment_weight/best) by extensions ['cmake', 'python']
[0.219s] Level 1:colcon.colcon_core.package_identification:_identify(weights/segment_weight/best) by extension 'cmake'
[0.219s] Level 1:colcon.colcon_core.package_identification:_identify(weights/segment_weight/best) by extension 'python'
[0.219s] Level 1:colcon.colcon_core.package_identification:_identify(weights/segment_weight/best) by extensions ['python_setup_py']
[0.219s] Level 1:colcon.colcon_core.package_identification:_identify(weights/segment_weight/best) by extension 'python_setup_py'
[0.219s] Level 1:colcon.colcon_core.package_identification:_identify(weights/segment_weight/best/data) by extensions ['ignore', 'ignore_ament_install']
[0.219s] Level 1:colcon.colcon_core.package_identification:_identify(weights/segment_weight/best/data) by extension 'ignore'
[0.219s] Level 1:colcon.colcon_core.package_identification:_identify(weights/segment_weight/best/data) by extension 'ignore_ament_install'
[0.219s] Level 1:colcon.colcon_core.package_identification:_identify(weights/segment_weight/best/data) by extensions ['colcon_pkg']
[0.219s] Level 1:colcon.colcon_core.package_identification:_identify(weights/segment_weight/best/data) by extension 'colcon_pkg'
[0.219s] Level 1:colcon.colcon_core.package_identification:_identify(weights/segment_weight/best/data) by extensions ['colcon_meta']
[0.219s] Level 1:colcon.colcon_core.package_identification:_identify(weights/segment_weight/best/data) by extension 'colcon_meta'
[0.219s] Level 1:colcon.colcon_core.package_identification:_identify(weights/segment_weight/best/data) by extensions ['ros']
[0.219s] Level 1:colcon.colcon_core.package_identification:_identify(weights/segment_weight/best/data) by extension 'ros'
[0.219s] Level 1:colcon.colcon_core.package_identification:_identify(weights/segment_weight/best/data) by extensions ['cmake', 'python']
[0.219s] Level 1:colcon.colcon_core.package_identification:_identify(weights/segment_weight/best/data) by extension 'cmake'
[0.220s] Level 1:colcon.colcon_core.package_identification:_identify(weights/segment_weight/best/data) by extension 'python'
[0.220s] Level 1:colcon.colcon_core.package_identification:_identify(weights/segment_weight/best/data) by extensions ['python_setup_py']
[0.220s] Level 1:colcon.colcon_core.package_identification:_identify(weights/segment_weight/best/data) by extension 'python_setup_py'
[0.220s] Level 1:colcon.colcon_core.package_discovery:discover_packages(recursive) using defaults
[0.220s] Level 1:colcon.colcon_core.package_discovery:discover_packages(ignore) discover
[0.220s] Level 1:colcon.colcon_core.package_discovery:discover_packages(ignore) using defaults
[0.220s] Level 1:colcon.colcon_core.package_discovery:discover_packages(path) discover
[0.220s] Level 1:colcon.colcon_core.package_discovery:discover_packages(path) using defaults
[0.230s] Level 1:colcon.colcon_core.package_discovery:discover_packages(prefix_path) check parameters
[0.231s] Level 1:colcon.colcon_core.package_discovery:discover_packages(prefix_path) discover
[0.232s] DEBUG:colcon.colcon_installed_package_information.package_discovery:Found 1 installed packages in /home/varun/pallet_detection_ws/install
[0.232s] DEBUG:colcon.colcon_installed_package_information.package_discovery:Found 2 installed packages in /home/varun/peer_ws/install
[0.232s] DEBUG:colcon.colcon_installed_package_information.package_discovery:Found 3 installed packages in /home/varun/turtlebot3_ws/install
[0.232s] DEBUG:colcon.colcon_installed_package_information.package_discovery:Found 4 installed packages in /home/varun/assignment_ws/install
[0.232s] DEBUG:colcon.colcon_installed_package_information.package_discovery:Found 2 installed packages in /home/varun/unbox_ws/install
[0.233s] DEBUG:colcon.colcon_installed_package_information.package_discovery:Found 1 installed packages in /home/varun/ros2_ws/install
[0.233s] DEBUG:colcon.colcon_installed_package_information.package_discovery:Found 5 installed packages in /home/varun/humble_ws/install
[0.233s] DEBUG:colcon.colcon_installed_package_information.package_discovery:Found 0 installed packages in /home/varun/mybot_ws/install
[0.233s] DEBUG:colcon.colcon_installed_package_information.package_discovery:Found 1 installed packages in /home/varun/project_ws/install
[0.233s] DEBUG:colcon.colcon_installed_package_information.package_discovery:Found 2 installed packages in /home/varun/dev_ws/install
[0.234s] DEBUG:colcon.colcon_installed_package_information.package_discovery:Found 4 installed packages in /home/varun/turtlebot4_ws/install
[0.235s] DEBUG:colcon.colcon_installed_package_information.package_discovery:Found 468 installed packages in /opt/ros/humble
[0.236s] Level 1:colcon.colcon_core.package_discovery:discover_packages(prefix_path) using defaults
[0.262s] Level 5:colcon.colcon_core.verb:set package 'pallet_detection' build argument 'cmake_args' from command line to 'None'
[0.262s] Level 5:colcon.colcon_core.verb:set package 'pallet_detection' build argument 'cmake_target' from command line to 'None'
[0.262s] Level 5:colcon.colcon_core.verb:set package 'pallet_detection' build argument 'cmake_target_skip_unavailable' from command line to 'False'
[0.262s] Level 5:colcon.colcon_core.verb:set package 'pallet_detection' build argument 'cmake_clean_cache' from command line to 'False'
[0.262s] Level 5:colcon.colcon_core.verb:set package 'pallet_detection' build argument 'cmake_clean_first' from command line to 'False'
[0.262s] Level 5:colcon.colcon_core.verb:set package 'pallet_detection' build argument 'cmake_force_configure' from command line to 'False'
[0.262s] Level 5:colcon.colcon_core.verb:set package 'pallet_detection' build argument 'ament_cmake_args' from command line to 'None'
[0.262s] Level 5:colcon.colcon_core.verb:set package 'pallet_detection' build argument 'catkin_cmake_args' from command line to 'None'
[0.262s] Level 5:colcon.colcon_core.verb:set package 'pallet_detection' build argument 'catkin_skip_building_tests' from command line to 'False'
[0.263s] DEBUG:colcon.colcon_core.verb:Building package 'pallet_detection' with the following arguments: {'ament_cmake_args': None, 'build_base': '/home/varun/pallet_detection_ws/build/pallet_detection', 'catkin_cmake_args': None, 'catkin_skip_building_tests': False, 'cmake_args': None, 'cmake_clean_cache': False, 'cmake_clean_first': False, 'cmake_force_configure': False, 'cmake_target': None, 'cmake_target_skip_unavailable': False, 'install_base': '/home/varun/pallet_detection_ws/install/pallet_detection', 'merge_install': False, 'path': '/home/varun/pallet_detection_ws/src/pallet_detection', 'symlink_install': True, 'test_result_base': None}
[0.263s] INFO:colcon.colcon_core.executor:Executing jobs using 'parallel' executor
[0.263s] DEBUG:colcon.colcon_parallel_executor.executor.parallel:run_until_complete
[0.263s] INFO:colcon.colcon_ros.task.ament_cmake.build:Building ROS package in '/home/varun/pallet_detection_ws/src/pallet_detection' with build type 'ament_cmake'
[0.263s] INFO:colcon.colcon_cmake.task.cmake.build:Building CMake package in '/home/varun/pallet_detection_ws/src/pallet_detection'
[0.265s] INFO:colcon.colcon_core.plugin_system:Skipping extension 'colcon_core.shell.bat': Not used on non-Windows systems
[0.265s] INFO:colcon.colcon_core.shell:Skip shell extension 'powershell' for command environment: Not usable outside of PowerShell
[0.265s] DEBUG:colcon.colcon_core.shell:Skip shell extension 'dsv' for command environment
[0.273s] DEBUG:colcon.colcon_core.event_handler.log_command:Invoking command in '/home/varun/pallet_detection_ws/build/pallet_detection': CMAKE_PREFIX_PATH=${CMAKE_PREFIX_PATH}:/home/varun/peer_ws/install/my_robot_planner:/home/varun/humble_ws/install/turtlesim_catch_them_all:/home/varun/humble_ws/install/my_pkg:/home/varun/unbox_ws/install/my_py_pkg:/home/varun/ros2_ws/install/my_py_pkg:/home/varun/dev_ws/install/my_pkg:/opt/ros/humble /usr/bin/cmake /home/varun/pallet_detection_ws/src/pallet_detection -DAMENT_CMAKE_SYMLINK_INSTALL=1 -DCMAKE_INSTALL_PREFIX=/home/varun/pallet_detection_ws/install/pallet_detection
[0.660s] DEBUG:colcon.colcon_core.event_handler.log_command:Invoked command in '/home/varun/pallet_detection_ws/build/pallet_detection' returned '0': CMAKE_PREFIX_PATH=${CMAKE_PREFIX_PATH}:/home/varun/peer_ws/install/my_robot_planner:/home/varun/humble_ws/install/turtlesim_catch_them_all:/home/varun/humble_ws/install/my_pkg:/home/varun/unbox_ws/install/my_py_pkg:/home/varun/ros2_ws/install/my_py_pkg:/home/varun/dev_ws/install/my_pkg:/opt/ros/humble /usr/bin/cmake /home/varun/pallet_detection_ws/src/pallet_detection -DAMENT_CMAKE_SYMLINK_INSTALL=1 -DCMAKE_INSTALL_PREFIX=/home/varun/pallet_detection_ws/install/pallet_detection
[0.661s] DEBUG:colcon.colcon_core.event_handler.log_command:Invoking command in '/home/varun/pallet_detection_ws/build/pallet_detection': CMAKE_PREFIX_PATH=${CMAKE_PREFIX_PATH}:/home/varun/peer_ws/install/my_robot_planner:/home/varun/humble_ws/install/turtlesim_catch_them_all:/home/varun/humble_ws/install/my_pkg:/home/varun/unbox_ws/install/my_py_pkg:/home/varun/ros2_ws/install/my_py_pkg:/home/varun/dev_ws/install/my_pkg:/opt/ros/humble /usr/bin/cmake --build /home/varun/pallet_detection_ws/build/pallet_detection -- -j16 -l16
[0.689s] DEBUG:colcon.colcon_core.event_handler.log_command:Invoked command in '/home/varun/pallet_detection_ws/build/pallet_detection' returned '0': CMAKE_PREFIX_PATH=${CMAKE_PREFIX_PATH}:/home/varun/peer_ws/install/my_robot_planner:/home/varun/humble_ws/install/turtlesim_catch_them_all:/home/varun/humble_ws/install/my_pkg:/home/varun/unbox_ws/install/my_py_pkg:/home/varun/ros2_ws/install/my_py_pkg:/home/varun/dev_ws/install/my_pkg:/opt/ros/humble /usr/bin/cmake --build /home/varun/pallet_detection_ws/build/pallet_detection -- -j16 -l16
[0.697s] DEBUG:colcon.colcon_core.event_handler.log_command:Invoking command in '/home/varun/pallet_detection_ws/build/pallet_detection': CMAKE_PREFIX_PATH=${CMAKE_PREFIX_PATH}:/home/varun/peer_ws/install/my_robot_planner:/home/varun/humble_ws/install/turtlesim_catch_them_all:/home/varun/humble_ws/install/my_pkg:/home/varun/unbox_ws/install/my_py_pkg:/home/varun/ros2_ws/install/my_py_pkg:/home/varun/dev_ws/install/my_pkg:/opt/ros/humble /usr/bin/cmake --install /home/varun/pallet_detection_ws/build/pallet_detection
[0.792s] Level 1:colcon.colcon_core.environment:create_environment_scripts_only(pallet_detection)
[0.792s] DEBUG:colcon.colcon_core.event_handler.log_command:Invoked command in '/home/varun/pallet_detection_ws/build/pallet_detection' returned '0': CMAKE_PREFIX_PATH=${CMAKE_PREFIX_PATH}:/home/varun/peer_ws/install/my_robot_planner:/home/varun/humble_ws/install/turtlesim_catch_them_all:/home/varun/humble_ws/install/my_pkg:/home/varun/unbox_ws/install/my_py_pkg:/home/varun/ros2_ws/install/my_py_pkg:/home/varun/dev_ws/install/my_pkg:/opt/ros/humble /usr/bin/cmake --install /home/varun/pallet_detection_ws/build/pallet_detection
[0.793s] Level 1:colcon.colcon_core.environment:checking '/home/varun/pallet_detection_ws/install/pallet_detection' for CMake module files
[0.794s] Level 1:colcon.colcon_core.environment:checking '/home/varun/pallet_detection_ws/install/pallet_detection' for CMake config files
[0.794s] Level 1:colcon.colcon_core.shell:create_environment_hook('pallet_detection', 'cmake_prefix_path')
[0.794s] INFO:colcon.colcon_core.shell:Creating environment hook '/home/varun/pallet_detection_ws/install/pallet_detection/share/pallet_detection/hook/cmake_prefix_path.ps1'
[0.794s] INFO:colcon.colcon_core.shell:Creating environment descriptor '/home/varun/pallet_detection_ws/install/pallet_detection/share/pallet_detection/hook/cmake_prefix_path.dsv'
[0.794s] INFO:colcon.colcon_core.shell:Creating environment hook '/home/varun/pallet_detection_ws/install/pallet_detection/share/pallet_detection/hook/cmake_prefix_path.sh'
[0.795s] Level 1:colcon.colcon_core.environment:checking '/home/varun/pallet_detection_ws/install/pallet_detection/bin'
[0.795s] Level 1:colcon.colcon_core.environment:checking '/home/varun/pallet_detection_ws/install/pallet_detection/lib/pkgconfig/pallet_detection.pc'
[0.795s] Level 1:colcon.colcon_core.environment:checking '/home/varun/pallet_detection_ws/install/pallet_detection/lib/python3.10/site-packages'
[0.795s] Level 1:colcon.colcon_core.environment:checking '/home/varun/pallet_detection_ws/install/pallet_detection/bin'
[0.795s] INFO:colcon.colcon_core.shell:Creating package script '/home/varun/pallet_detection_ws/install/pallet_detection/share/pallet_detection/package.ps1'
[0.796s] INFO:colcon.colcon_core.shell:Creating package descriptor '/home/varun/pallet_detection_ws/install/pallet_detection/share/pallet_detection/package.dsv'
[0.796s] INFO:colcon.colcon_core.shell:Creating package script '/home/varun/pallet_detection_ws/install/pallet_detection/share/pallet_detection/package.sh'
[0.796s] INFO:colcon.colcon_core.shell:Creating package script '/home/varun/pallet_detection_ws/install/pallet_detection/share/pallet_detection/package.bash'
[0.797s] INFO:colcon.colcon_core.shell:Creating package script '/home/varun/pallet_detection_ws/install/pallet_detection/share/pallet_detection/package.zsh'
[0.797s] Level 1:colcon.colcon_core.environment:create_file_with_runtime_dependencies(/home/varun/pallet_detection_ws/install/pallet_detection/share/colcon-core/packages/pallet_detection)
[0.797s] Level 1:colcon.colcon_core.environment:create_environment_scripts_only(pallet_detection)
[0.798s] Level 1:colcon.colcon_core.environment:checking '/home/varun/pallet_detection_ws/install/pallet_detection' for CMake module files
[0.798s] Level 1:colcon.colcon_core.environment:checking '/home/varun/pallet_detection_ws/install/pallet_detection' for CMake config files
[0.798s] Level 1:colcon.colcon_core.shell:create_environment_hook('pallet_detection', 'cmake_prefix_path')
[0.798s] INFO:colcon.colcon_core.shell:Creating environment hook '/home/varun/pallet_detection_ws/install/pallet_detection/share/pallet_detection/hook/cmake_prefix_path.ps1'
[0.798s] INFO:colcon.colcon_core.shell:Creating environment descriptor '/home/varun/pallet_detection_ws/install/pallet_detection/share/pallet_detection/hook/cmake_prefix_path.dsv'
[0.798s] INFO:colcon.colcon_core.shell:Creating environment hook '/home/varun/pallet_detection_ws/install/pallet_detection/share/pallet_detection/hook/cmake_prefix_path.sh'
[0.799s] Level 1:colcon.colcon_core.environment:checking '/home/varun/pallet_detection_ws/install/pallet_detection/bin'
[0.799s] Level 1:colcon.colcon_core.environment:checking '/home/varun/pallet_detection_ws/install/pallet_detection/lib/pkgconfig/pallet_detection.pc'
[0.799s] Level 1:colcon.colcon_core.environment:checking '/home/varun/pallet_detection_ws/install/pallet_detection/lib/python3.10/site-packages'
[0.799s] Level 1:colcon.colcon_core.environment:checking '/home/varun/pallet_detection_ws/install/pallet_detection/bin'
[0.799s] INFO:colcon.colcon_core.shell:Creating package script '/home/varun/pallet_detection_ws/install/pallet_detection/share/pallet_detection/package.ps1'
[0.799s] INFO:colcon.colcon_core.shell:Creating package descriptor '/home/varun/pallet_detection_ws/install/pallet_detection/share/pallet_detection/package.dsv'
[0.799s] INFO:colcon.colcon_core.shell:Creating package script '/home/varun/pallet_detection_ws/install/pallet_detection/share/pallet_detection/package.sh'
[0.800s] INFO:colcon.colcon_core.shell:Creating package script '/home/varun/pallet_detection_ws/install/pallet_detection/share/pallet_detection/package.bash'
[0.800s] INFO:colcon.colcon_core.shell:Creating package script '/home/varun/pallet_detection_ws/install/pallet_detection/share/pallet_detection/package.zsh'
[0.800s] Level 1:colcon.colcon_core.environment:create_file_with_runtime_dependencies(/home/varun/pallet_detection_ws/install/pallet_detection/share/colcon-core/packages/pallet_detection)
[0.800s] DEBUG:colcon.colcon_parallel_executor.executor.parallel:closing loop
[0.800s] DEBUG:colcon.colcon_parallel_executor.executor.parallel:loop closed
[0.800s] DEBUG:colcon.colcon_parallel_executor.executor.parallel:run_until_complete finished with '0'
[0.800s] DEBUG:colcon.colcon_core.event_reactor:joining thread
[0.803s] INFO:colcon.colcon_core.plugin_system:Skipping extension 'colcon_notification.desktop_notification.terminal_notifier': Not used on non-Darwin systems
[0.803s] INFO:colcon.colcon_core.plugin_system:Skipping extension 'colcon_notification.desktop_notification.win32': Not used on non-Windows systems
[0.803s] INFO:colcon.colcon_notification.desktop_notification:Sending desktop notification using 'notify2'
[0.811s] DEBUG:colcon.colcon_core.event_reactor:joined thread
[0.811s] INFO:colcon.colcon_core.shell:Creating prefix script '/home/varun/pallet_detection_ws/install/local_setup.ps1'
[0.812s] INFO:colcon.colcon_core.shell:Creating prefix util module '/home/varun/pallet_detection_ws/install/_local_setup_util_ps1.py'
[0.813s] INFO:colcon.colcon_core.shell:Creating prefix chain script '/home/varun/pallet_detection_ws/install/setup.ps1'
[0.813s] INFO:colcon.colcon_core.shell:Creating prefix script '/home/varun/pallet_detection_ws/install/local_setup.sh'
[0.814s] INFO:colcon.colcon_core.shell:Creating prefix util module '/home/varun/pallet_detection_ws/install/_local_setup_util_sh.py'
[0.814s] INFO:colcon.colcon_core.shell:Creating prefix chain script '/home/varun/pallet_detection_ws/install/setup.sh'
[0.815s] INFO:colcon.colcon_core.shell:Creating prefix script '/home/varun/pallet_detection_ws/install/local_setup.bash'
[0.815s] INFO:colcon.colcon_core.shell:Creating prefix chain script '/home/varun/pallet_detection_ws/install/setup.bash'
[0.816s] INFO:colcon.colcon_core.shell:Creating prefix script '/home/varun/pallet_detection_ws/install/local_setup.zsh'
[0.816s] INFO:colcon.colcon_core.shell:Creating prefix chain script '/home/varun/pallet_detection_ws/install/setup.zsh'
