[0.009s] Invoking command in '/home/varun/pallet_detection_ws/build/pallet_detection': CMAKE_PREFIX_PATH=${CMAKE_PREFIX_PATH}:/home/varun/peer_ws/install/my_robot_planner:/home/varun/humble_ws/install/turtlesim_catch_them_all:/home/varun/humble_ws/install/my_pkg:/home/varun/unbox_ws/install/my_py_pkg:/home/varun/ros2_ws/install/my_py_pkg:/home/varun/dev_ws/install/my_pkg:/opt/ros/humble /usr/bin/cmake /home/varun/pallet_detection_ws/src/pallet_detection -DAMENT_CMAKE_SYMLINK_INSTALL=1 -DCMAKE_INSTALL_PREFIX=/home/varun/pallet_detection_ws/install/pallet_detection
[0.029s] -- Found ament_cmake: 1.3.11 (/opt/ros/humble/share/ament_cmake/cmake)
[0.133s] -- Override CMake install command with custom implementation using symlinks instead of copying resources
[0.154s] -- Found rclcpp: 16.0.11 (/opt/ros/humble/share/rclcpp/cmake)
[0.189s] -- Found rosidl_generator_c: 3.1.6 (/opt/ros/humble/share/rosidl_generator_c/cmake)
[0.191s] -- Found rosidl_adapter: 3.1.6 (/opt/ros/humble/share/rosidl_adapter/cmake)
[0.196s] -- Found rosidl_generator_cpp: 3.1.6 (/opt/ros/humble/share/rosidl_generator_cpp/cmake)
[0.204s] -- Using all available rosidl_typesupport_c: rosidl_typesupport_fastrtps_c;rosidl_typesupport_introspection_c
[0.214s] -- Using all available rosidl_typesupport_cpp: rosidl_typesupport_fastrtps_cpp;rosidl_typesupport_introspection_cpp
[0.239s] -- Found rmw_implementation_cmake: 6.1.2 (/opt/ros/humble/share/rmw_implementation_cmake/cmake)
[0.241s] -- Found rmw_cyclonedds_cpp: 1.3.4 (/opt/ros/humble/share/rmw_cyclonedds_cpp/cmake)
[0.256s] -- Using RMW implementation 'rmw_cyclonedds_cpp' as default
[0.293s] -- Found sensor_msgs: 4.2.4 (/opt/ros/humble/share/sensor_msgs/cmake)
[0.314s] -- Found cv_bridge: 3.2.1 (/opt/ros/humble/share/cv_bridge/cmake)
[0.320s] -- Found image_transport: 3.1.10 (/opt/ros/humble/share/image_transport/cmake)
[0.337s] -- Found ament_lint_auto: 0.12.11 (/opt/ros/humble/share/ament_lint_auto/cmake)
[0.384s] -- Added test 'cppcheck' to perform static code analysis on C / C++ code
[0.384s] -- Configured cppcheck include dirs: 
[0.385s] -- Configured cppcheck exclude dirs and/or files: 
[0.385s] -- Added test 'lint_cmake' to check CMake code style
[0.385s] -- Added test 'uncrustify' to check C / C++ code style
[0.385s] -- Configured uncrustify additional arguments: 
[0.385s] -- Added test 'xmllint' to check XML markup files
[0.386s] -- Configuring done
[0.390s] -- Generating done
[0.391s] -- Build files have been written to: /home/varun/pallet_detection_ws/build/pallet_detection
[0.396s] Invoked command in '/home/varun/pallet_detection_ws/build/pallet_detection' returned '0': CMAKE_PREFIX_PATH=${CMAKE_PREFIX_PATH}:/home/varun/peer_ws/install/my_robot_planner:/home/varun/humble_ws/install/turtlesim_catch_them_all:/home/varun/humble_ws/install/my_pkg:/home/varun/unbox_ws/install/my_py_pkg:/home/varun/ros2_ws/install/my_py_pkg:/home/varun/dev_ws/install/my_pkg:/opt/ros/humble /usr/bin/cmake /home/varun/pallet_detection_ws/src/pallet_detection -DAMENT_CMAKE_SYMLINK_INSTALL=1 -DCMAKE_INSTALL_PREFIX=/home/varun/pallet_detection_ws/install/pallet_detection
[0.397s] Invoking command in '/home/varun/pallet_detection_ws/build/pallet_detection': CMAKE_PREFIX_PATH=${CMAKE_PREFIX_PATH}:/home/varun/peer_ws/install/my_robot_planner:/home/varun/humble_ws/install/turtlesim_catch_them_all:/home/varun/humble_ws/install/my_pkg:/home/varun/unbox_ws/install/my_py_pkg:/home/varun/ros2_ws/install/my_py_pkg:/home/varun/dev_ws/install/my_pkg:/opt/ros/humble /usr/bin/cmake --build /home/varun/pallet_detection_ws/build/pallet_detection -- -j16 -l16
[0.425s] Invoked command in '/home/varun/pallet_detection_ws/build/pallet_detection' returned '0': CMAKE_PREFIX_PATH=${CMAKE_PREFIX_PATH}:/home/varun/peer_ws/install/my_robot_planner:/home/varun/humble_ws/install/turtlesim_catch_them_all:/home/varun/humble_ws/install/my_pkg:/home/varun/unbox_ws/install/my_py_pkg:/home/varun/ros2_ws/install/my_py_pkg:/home/varun/dev_ws/install/my_pkg:/opt/ros/humble /usr/bin/cmake --build /home/varun/pallet_detection_ws/build/pallet_detection -- -j16 -l16
[0.433s] Invoking command in '/home/varun/pallet_detection_ws/build/pallet_detection': CMAKE_PREFIX_PATH=${CMAKE_PREFIX_PATH}:/home/varun/peer_ws/install/my_robot_planner:/home/varun/humble_ws/install/turtlesim_catch_them_all:/home/varun/humble_ws/install/my_pkg:/home/varun/unbox_ws/install/my_py_pkg:/home/varun/ros2_ws/install/my_py_pkg:/home/varun/dev_ws/install/my_pkg:/opt/ros/humble /usr/bin/cmake --install /home/varun/pallet_detection_ws/build/pallet_detection
[0.439s] -- Install configuration: ""
[0.439s] -- Execute custom install script
[0.439s] -- Symlinking: /home/varun/pallet_detection_ws/install/pallet_detection/share/ament_index/resource_index/package_run_dependencies/pallet_detection
[0.445s] -- Symlinking: /home/varun/pallet_detection_ws/install/pallet_detection/share/ament_index/resource_index/parent_prefix_path/pallet_detection
[0.451s] -- Symlinking: /home/varun/pallet_detection_ws/install/pallet_detection/share/pallet_detection/environment/ament_prefix_path.sh
[0.458s] -- Symlinking: /home/varun/pallet_detection_ws/install/pallet_detection/share/pallet_detection/environment/ament_prefix_path.dsv
[0.463s] -- Symlinking: /home/varun/pallet_detection_ws/install/pallet_detection/share/pallet_detection/environment/path.sh
[0.468s] -- Symlinking: /home/varun/pallet_detection_ws/install/pallet_detection/share/pallet_detection/environment/path.dsv
[0.475s] -- Symlinking: /home/varun/pallet_detection_ws/install/pallet_detection/share/pallet_detection/local_setup.bash
[0.482s] -- Symlinking: /home/varun/pallet_detection_ws/install/pallet_detection/share/pallet_detection/local_setup.sh
[0.488s] -- Symlinking: /home/varun/pallet_detection_ws/install/pallet_detection/share/pallet_detection/local_setup.zsh
[0.494s] -- Symlinking: /home/varun/pallet_detection_ws/install/pallet_detection/share/pallet_detection/local_setup.dsv
[0.499s] -- Symlinking: /home/varun/pallet_detection_ws/install/pallet_detection/share/pallet_detection/package.dsv
[0.505s] -- Symlinking: /home/varun/pallet_detection_ws/install/pallet_detection/share/ament_index/resource_index/packages/pallet_detection
[0.511s] -- Symlinking: /home/varun/pallet_detection_ws/install/pallet_detection/share/pallet_detection/cmake/pallet_detectionConfig.cmake
[0.516s] -- Symlinking: /home/varun/pallet_detection_ws/install/pallet_detection/share/pallet_detection/cmake/pallet_detectionConfig-version.cmake
[0.522s] -- Symlinking: /home/varun/pallet_detection_ws/install/pallet_detection/share/pallet_detection/package.xml
[0.528s] Invoked command in '/home/varun/pallet_detection_ws/build/pallet_detection' returned '0': CMAKE_PREFIX_PATH=${CMAKE_PREFIX_PATH}:/home/varun/peer_ws/install/my_robot_planner:/home/varun/humble_ws/install/turtlesim_catch_them_all:/home/varun/humble_ws/install/my_pkg:/home/varun/unbox_ws/install/my_py_pkg:/home/varun/ros2_ws/install/my_py_pkg:/home/varun/dev_ws/install/my_pkg:/opt/ros/humble /usr/bin/cmake --install /home/varun/pallet_detection_ws/build/pallet_detection
