[0.015s] Invoking command in '/home/varun/pallet_detection_ws/build/pallet_detection': CMAKE_PREFIX_PATH=${CMAKE_PREFIX_PATH}:/home/varun/peer_ws/install/my_robot_planner:/home/varun/humble_ws/install/turtlesim_catch_them_all:/home/varun/humble_ws/install/my_pkg:/home/varun/unbox_ws/install/my_py_pkg:/home/varun/ros2_ws/install/my_py_pkg:/home/varun/dev_ws/install/my_pkg:/opt/ros/humble /usr/bin/cmake /home/varun/pallet_detection_ws/src/pallet_detection -DCMAKE_INSTALL_PREFIX=/home/varun/pallet_detection_ws/install/pallet_detection
[0.077s] -- The C compiler identification is GNU 11.4.0
[0.148s] -- The CXX compiler identification is GNU 11.4.0
[0.155s] -- Detecting C compiler ABI info
[0.205s] -- Detecting C compiler ABI info - done
[0.210s] -- Check for working C compiler: /usr/bin/cc - skipped
[0.210s] -- Detecting C compile features
[0.210s] -- Detecting C compile features - done
[0.213s] -- Detecting CXX compiler ABI info
[0.270s] -- Detecting CXX compiler ABI info - done
[0.277s] -- Check for working CXX compiler: /usr/bin/c++ - skipped
[0.277s] -- Detecting CXX compile features
[0.278s] -- Detecting CXX compile features - done
[0.288s] -- Found ament_cmake: 1.3.11 (/opt/ros/humble/share/ament_cmake/cmake)
[0.695s] -- Found Python3: /usr/bin/python3 (found version "3.10.12") found components: Interpreter 
[0.803s] -- Found rclcpp: 16.0.11 (/opt/ros/humble/share/rclcpp/cmake)
[0.885s] -- Found rosidl_generator_c: 3.1.6 (/opt/ros/humble/share/rosidl_generator_c/cmake)
[0.891s] -- Found rosidl_adapter: 3.1.6 (/opt/ros/humble/share/rosidl_adapter/cmake)
[0.899s] -- Found rosidl_generator_cpp: 3.1.6 (/opt/ros/humble/share/rosidl_generator_cpp/cmake)
[0.912s] -- Using all available rosidl_typesupport_c: rosidl_typesupport_fastrtps_c;rosidl_typesupport_introspection_c
[0.927s] -- Using all available rosidl_typesupport_cpp: rosidl_typesupport_fastrtps_cpp;rosidl_typesupport_introspection_cpp
[0.971s] -- Found rmw_implementation_cmake: 6.1.2 (/opt/ros/humble/share/rmw_implementation_cmake/cmake)
[0.975s] -- Found rmw_cyclonedds_cpp: 1.3.4 (/opt/ros/humble/share/rmw_cyclonedds_cpp/cmake)
[0.998s] -- Using RMW implementation 'rmw_cyclonedds_cpp' as default
[1.009s] -- Looking for pthread.h
[1.064s] -- Looking for pthread.h - found
[1.064s] -- Performing Test CMAKE_HAVE_LIBC_PTHREAD
[1.118s] -- Performing Test CMAKE_HAVE_LIBC_PTHREAD - Success
[1.119s] -- Found Threads: TRUE  
[1.168s] -- Found sensor_msgs: 4.2.4 (/opt/ros/humble/share/sensor_msgs/cmake)
[1.193s] -- Found cv_bridge: 3.2.1 (/opt/ros/humble/share/cv_bridge/cmake)
[1.205s] -- Found image_transport: 3.1.10 (/opt/ros/humble/share/image_transport/cmake)
[1.239s] -- Found ament_lint_auto: 0.12.11 (/opt/ros/humble/share/ament_lint_auto/cmake)
[1.301s] -- Added test 'cppcheck' to perform static code analysis on C / C++ code
[1.301s] -- Configured cppcheck include dirs: 
[1.301s] -- Configured cppcheck exclude dirs and/or files: 
[1.301s] -- Added test 'lint_cmake' to check CMake code style
[1.302s] -- Added test 'uncrustify' to check C / C++ code style
[1.302s] -- Configured uncrustify additional arguments: 
[1.303s] -- Added test 'xmllint' to check XML markup files
[1.304s] -- Configuring done
[1.306s] -- Generating done
[1.307s] -- Build files have been written to: /home/varun/pallet_detection_ws/build/pallet_detection
[1.313s] Invoked command in '/home/varun/pallet_detection_ws/build/pallet_detection' returned '0': CMAKE_PREFIX_PATH=${CMAKE_PREFIX_PATH}:/home/varun/peer_ws/install/my_robot_planner:/home/varun/humble_ws/install/turtlesim_catch_them_all:/home/varun/humble_ws/install/my_pkg:/home/varun/unbox_ws/install/my_py_pkg:/home/varun/ros2_ws/install/my_py_pkg:/home/varun/dev_ws/install/my_pkg:/opt/ros/humble /usr/bin/cmake /home/varun/pallet_detection_ws/src/pallet_detection -DCMAKE_INSTALL_PREFIX=/home/varun/pallet_detection_ws/install/pallet_detection
[1.314s] Invoking command in '/home/varun/pallet_detection_ws/build/pallet_detection': CMAKE_PREFIX_PATH=${CMAKE_PREFIX_PATH}:/home/varun/peer_ws/install/my_robot_planner:/home/varun/humble_ws/install/turtlesim_catch_them_all:/home/varun/humble_ws/install/my_pkg:/home/varun/unbox_ws/install/my_py_pkg:/home/varun/ros2_ws/install/my_py_pkg:/home/varun/dev_ws/install/my_pkg:/opt/ros/humble /usr/bin/cmake --build /home/varun/pallet_detection_ws/build/pallet_detection -- -j16 -l16
[1.343s] Invoked command in '/home/varun/pallet_detection_ws/build/pallet_detection' returned '0': CMAKE_PREFIX_PATH=${CMAKE_PREFIX_PATH}:/home/varun/peer_ws/install/my_robot_planner:/home/varun/humble_ws/install/turtlesim_catch_them_all:/home/varun/humble_ws/install/my_pkg:/home/varun/unbox_ws/install/my_py_pkg:/home/varun/ros2_ws/install/my_py_pkg:/home/varun/dev_ws/install/my_pkg:/opt/ros/humble /usr/bin/cmake --build /home/varun/pallet_detection_ws/build/pallet_detection -- -j16 -l16
[1.352s] Invoking command in '/home/varun/pallet_detection_ws/build/pallet_detection': CMAKE_PREFIX_PATH=${CMAKE_PREFIX_PATH}:/home/varun/peer_ws/install/my_robot_planner:/home/varun/humble_ws/install/turtlesim_catch_them_all:/home/varun/humble_ws/install/my_pkg:/home/varun/unbox_ws/install/my_py_pkg:/home/varun/ros2_ws/install/my_py_pkg:/home/varun/dev_ws/install/my_pkg:/opt/ros/humble /usr/bin/cmake --install /home/varun/pallet_detection_ws/build/pallet_detection
[1.358s] -- Install configuration: ""
[1.358s] -- Installing: /home/varun/pallet_detection_ws/install/pallet_detection/share/ament_index/resource_index/package_run_dependencies/pallet_detection
[1.358s] -- Installing: /home/varun/pallet_detection_ws/install/pallet_detection/share/ament_index/resource_index/parent_prefix_path/pallet_detection
[1.358s] -- Installing: /home/varun/pallet_detection_ws/install/pallet_detection/share/pallet_detection/environment/ament_prefix_path.sh
[1.358s] -- Installing: /home/varun/pallet_detection_ws/install/pallet_detection/share/pallet_detection/environment/ament_prefix_path.dsv
[1.358s] -- Installing: /home/varun/pallet_detection_ws/install/pallet_detection/share/pallet_detection/environment/path.sh
[1.359s] -- Installing: /home/varun/pallet_detection_ws/install/pallet_detection/share/pallet_detection/environment/path.dsv
[1.359s] -- Installing: /home/varun/pallet_detection_ws/install/pallet_detection/share/pallet_detection/local_setup.bash
[1.359s] -- Installing: /home/varun/pallet_detection_ws/install/pallet_detection/share/pallet_detection/local_setup.sh
[1.359s] -- Installing: /home/varun/pallet_detection_ws/install/pallet_detection/share/pallet_detection/local_setup.zsh
[1.359s] -- Installing: /home/varun/pallet_detection_ws/install/pallet_detection/share/pallet_detection/local_setup.dsv
[1.359s] -- Installing: /home/varun/pallet_detection_ws/install/pallet_detection/share/pallet_detection/package.dsv
[1.359s] -- Installing: /home/varun/pallet_detection_ws/install/pallet_detection/share/ament_index/resource_index/packages/pallet_detection
[1.359s] -- Installing: /home/varun/pallet_detection_ws/install/pallet_detection/share/pallet_detection/cmake/pallet_detectionConfig.cmake
[1.359s] -- Installing: /home/varun/pallet_detection_ws/install/pallet_detection/share/pallet_detection/cmake/pallet_detectionConfig-version.cmake
[1.359s] -- Installing: /home/varun/pallet_detection_ws/install/pallet_detection/share/pallet_detection/package.xml
[1.361s] Invoked command in '/home/varun/pallet_detection_ws/build/pallet_detection' returned '0': CMAKE_PREFIX_PATH=${CMAKE_PREFIX_PATH}:/home/varun/peer_ws/install/my_robot_planner:/home/varun/humble_ws/install/turtlesim_catch_them_all:/home/varun/humble_ws/install/my_pkg:/home/varun/unbox_ws/install/my_py_pkg:/home/varun/ros2_ws/install/my_py_pkg:/home/varun/dev_ws/install/my_pkg:/opt/ros/humble /usr/bin/cmake --install /home/varun/pallet_detection_ws/build/pallet_detection
